{"/Users/mattpopovich/unsane/src/index.ts": {"path":"/Users/mattpopovich/unsane/src/index.ts","all":false,"statementMap":{"10":{"start":{"line":11,"column":0},"end":{"line":11,"column":53}},"11":{"start":{"line":12,"column":0},"end":{"line":12,"column":62}}},"s":{"10":1,"11":1},"branchMap":{},"b":{},"fnMap":{},"f":{}}
,"/Users/mattpopovich/unsane/src/sanitizer/config.ts": {"path":"/Users/mattpopovich/unsane/src/sanitizer/config.ts","all":false,"statementMap":{"9":{"start":{"line":10,"column":0},"end":{"line":10,"column":60}},"11":{"start":{"line":12,"column":0},"end":{"line":12,"column":16}},"13":{"start":{"line":14,"column":0},"end":{"line":14,"column":39}},"16":{"start":{"line":17,"column":0},"end":{"line":17,"column":50}},"19":{"start":{"line":20,"column":0},"end":{"line":20,"column":15}},"22":{"start":{"line":23,"column":0},"end":{"line":23,"column":22}},"25":{"start":{"line":26,"column":0},"end":{"line":26,"column":31}},"28":{"start":{"line":29,"column":0},"end":{"line":29,"column":43}},"29":{"start":{"line":30,"column":0},"end":{"line":30,"column":4}},"32":{"start":{"line":33,"column":0},"end":{"line":33,"column":22}},"34":{"start":{"line":35,"column":0},"end":{"line":35,"column":33}},"37":{"start":{"line":38,"column":0},"end":{"line":38,"column":43}},"40":{"start":{"line":41,"column":0},"end":{"line":41,"column":24}},"41":{"start":{"line":42,"column":0},"end":{"line":42,"column":4}},"44":{"start":{"line":45,"column":0},"end":{"line":45,"column":2}}},"s":{"9":1,"11":1,"13":1,"16":1,"19":1,"22":1,"25":1,"28":1,"29":1,"32":1,"34":1,"37":1,"40":1,"41":1,"44":1},"branchMap":{},"b":{},"fnMap":{},"f":{}}
,"/Users/mattpopovich/unsane/src/sanitizer/htmlSanitizer.ts": {"path":"/Users/mattpopovich/unsane/src/sanitizer/htmlSanitizer.ts","all":false,"statementMap":{"6":{"start":{"line":7,"column":0},"end":{"line":7,"column":43}},"8":{"start":{"line":9,"column":0},"end":{"line":9,"column":55}},"9":{"start":{"line":10,"column":0},"end":{"line":10,"column":8}},"15":{"start":{"line":16,"column":0},"end":{"line":16,"column":31}},"16":{"start":{"line":17,"column":0},"end":{"line":17,"column":61}},"17":{"start":{"line":18,"column":0},"end":{"line":18,"column":51}},"18":{"start":{"line":19,"column":0},"end":{"line":19,"column":3}},"21":{"start":{"line":22,"column":0},"end":{"line":22,"column":54}},"22":{"start":{"line":23,"column":0},"end":{"line":23,"column":34}},"23":{"start":{"line":24,"column":0},"end":{"line":24,"column":28}},"24":{"start":{"line":25,"column":0},"end":{"line":25,"column":34}},"25":{"start":{"line":26,"column":0},"end":{"line":26,"column":34}},"26":{"start":{"line":27,"column":0},"end":{"line":27,"column":27}},"27":{"start":{"line":28,"column":0},"end":{"line":28,"column":1}},"37":{"start":{"line":38,"column":0},"end":{"line":38,"column":27}},"38":{"start":{"line":39,"column":0},"end":{"line":39,"column":33}},"39":{"start":{"line":40,"column":0},"end":{"line":40,"column":18}},"40":{"start":{"line":41,"column":0},"end":{"line":41,"column":48}},"41":{"start":{"line":42,"column":0},"end":{"line":42,"column":11}},"43":{"start":{"line":44,"column":0},"end":{"line":44,"column":62}},"46":{"start":{"line":47,"column":0},"end":{"line":47,"column":54}},"49":{"start":{"line":50,"column":0},"end":{"line":50,"column":60}},"51":{"start":{"line":52,"column":0},"end":{"line":52,"column":18}},"54":{"start":{"line":55,"column":0},"end":{"line":55,"column":38}},"55":{"start":{"line":56,"column":0},"end":{"line":56,"column":41}},"58":{"start":{"line":59,"column":0},"end":{"line":59,"column":79}},"59":{"start":{"line":60,"column":0},"end":{"line":60,"column":15}},"60":{"start":{"line":61,"column":0},"end":{"line":61,"column":5}},"63":{"start":{"line":64,"column":0},"end":{"line":64,"column":62}},"64":{"start":{"line":65,"column":0},"end":{"line":65,"column":15}},"65":{"start":{"line":66,"column":0},"end":{"line":66,"column":5}},"68":{"start":{"line":69,"column":0},"end":{"line":69,"column":51}},"70":{"start":{"line":71,"column":0},"end":{"line":71,"column":10}},"71":{"start":{"line":72,"column":0},"end":{"line":72,"column":31}},"72":{"start":{"line":73,"column":0},"end":{"line":73,"column":30}},"73":{"start":{"line":74,"column":0},"end":{"line":74,"column":33}},"74":{"start":{"line":75,"column":0},"end":{"line":75,"column":37}},"75":{"start":{"line":76,"column":0},"end":{"line":76,"column":34}},"76":{"start":{"line":77,"column":0},"end":{"line":77,"column":9}},"77":{"start":{"line":78,"column":0},"end":{"line":78,"column":17}},"78":{"start":{"line":79,"column":0},"end":{"line":79,"column":7}},"82":{"start":{"line":83,"column":0},"end":{"line":83,"column":10}},"83":{"start":{"line":84,"column":0},"end":{"line":84,"column":53}},"84":{"start":{"line":85,"column":0},"end":{"line":85,"column":49}},"85":{"start":{"line":86,"column":0},"end":{"line":86,"column":48}},"86":{"start":{"line":87,"column":0},"end":{"line":87,"column":40}},"87":{"start":{"line":88,"column":0},"end":{"line":88,"column":42}},"88":{"start":{"line":89,"column":0},"end":{"line":89,"column":68}},"89":{"start":{"line":90,"column":0},"end":{"line":90,"column":10}},"90":{"start":{"line":91,"column":0},"end":{"line":91,"column":9}},"91":{"start":{"line":92,"column":0},"end":{"line":92,"column":17}},"92":{"start":{"line":93,"column":0},"end":{"line":93,"column":7}},"93":{"start":{"line":94,"column":0},"end":{"line":94,"column":5}},"96":{"start":{"line":97,"column":0},"end":{"line":97,"column":16}},"97":{"start":{"line":98,"column":0},"end":{"line":98,"column":73}},"98":{"start":{"line":99,"column":0},"end":{"line":99,"column":12}},"99":{"start":{"line":100,"column":0},"end":{"line":100,"column":32}},"100":{"start":{"line":101,"column":0},"end":{"line":101,"column":5}},"101":{"start":{"line":102,"column":0},"end":{"line":102,"column":3}},"103":{"start":{"line":104,"column":0},"end":{"line":104,"column":16}},"104":{"start":{"line":105,"column":0},"end":{"line":105,"column":1}},"113":{"start":{"line":114,"column":0},"end":{"line":114,"column":76}},"115":{"start":{"line":116,"column":0},"end":{"line":116,"column":59}},"118":{"start":{"line":119,"column":0},"end":{"line":119,"column":29}},"121":{"start":{"line":122,"column":0},"end":{"line":122,"column":18}},"124":{"start":{"line":125,"column":0},"end":{"line":125,"column":19}},"125":{"start":{"line":126,"column":0},"end":{"line":126,"column":22}},"128":{"start":{"line":129,"column":0},"end":{"line":129,"column":17}},"129":{"start":{"line":130,"column":0},"end":{"line":130,"column":12}},"130":{"start":{"line":131,"column":0},"end":{"line":131,"column":17}},"131":{"start":{"line":132,"column":0},"end":{"line":132,"column":16}},"132":{"start":{"line":133,"column":0},"end":{"line":133,"column":15}},"133":{"start":{"line":134,"column":0},"end":{"line":134,"column":17}},"134":{"start":{"line":135,"column":0},"end":{"line":135,"column":24}},"135":{"start":{"line":136,"column":0},"end":{"line":136,"column":18}},"136":{"start":{"line":137,"column":0},"end":{"line":137,"column":4}},"138":{"start":{"line":139,"column":0},"end":{"line":139,"column":25}},"139":{"start":{"line":140,"column":0},"end":{"line":140,"column":25}},"140":{"start":{"line":141,"column":0},"end":{"line":141,"column":26}},"141":{"start":{"line":142,"column":0},"end":{"line":142,"column":27}},"142":{"start":{"line":143,"column":0},"end":{"line":143,"column":27}},"143":{"start":{"line":144,"column":0},"end":{"line":144,"column":19}},"144":{"start":{"line":145,"column":0},"end":{"line":145,"column":49}},"145":{"start":{"line":146,"column":0},"end":{"line":146,"column":28}},"148":{"start":{"line":149,"column":0},"end":{"line":149,"column":23}},"149":{"start":{"line":150,"column":0},"end":{"line":150,"column":21}},"151":{"start":{"line":152,"column":0},"end":{"line":152,"column":30}},"154":{"start":{"line":155,"column":0},"end":{"line":155,"column":46}},"156":{"start":{"line":157,"column":0},"end":{"line":157,"column":30}},"157":{"start":{"line":158,"column":0},"end":{"line":158,"column":20}},"158":{"start":{"line":159,"column":0},"end":{"line":159,"column":29}},"159":{"start":{"line":160,"column":0},"end":{"line":160,"column":44}},"160":{"start":{"line":161,"column":0},"end":{"line":161,"column":69}},"161":{"start":{"line":162,"column":0},"end":{"line":162,"column":12}},"162":{"start":{"line":163,"column":0},"end":{"line":163,"column":20}},"166":{"start":{"line":167,"column":0},"end":{"line":167,"column":42}},"167":{"start":{"line":168,"column":0},"end":{"line":168,"column":55}},"168":{"start":{"line":169,"column":0},"end":{"line":169,"column":7}},"170":{"start":{"line":171,"column":0},"end":{"line":171,"column":22}},"171":{"start":{"line":172,"column":0},"end":{"line":172,"column":5}},"172":{"start":{"line":173,"column":0},"end":{"line":173,"column":3}},"175":{"start":{"line":176,"column":0},"end":{"line":176,"column":26}},"176":{"start":{"line":177,"column":0},"end":{"line":177,"column":20}},"177":{"start":{"line":178,"column":0},"end":{"line":178,"column":35}},"178":{"start":{"line":179,"column":0},"end":{"line":179,"column":24}},"179":{"start":{"line":180,"column":0},"end":{"line":180,"column":5}},"181":{"start":{"line":182,"column":0},"end":{"line":182,"column":31}},"182":{"start":{"line":183,"column":0},"end":{"line":183,"column":13}},"183":{"start":{"line":184,"column":0},"end":{"line":184,"column":5}},"185":{"start":{"line":186,"column":0},"end":{"line":186,"column":54}},"187":{"start":{"line":188,"column":0},"end":{"line":188,"column":53}},"188":{"start":{"line":189,"column":0},"end":{"line":189,"column":46}},"191":{"start":{"line":192,"column":0},"end":{"line":192,"column":58}},"192":{"start":{"line":193,"column":0},"end":{"line":193,"column":37}},"193":{"start":{"line":194,"column":0},"end":{"line":194,"column":9}},"196":{"start":{"line":197,"column":0},"end":{"line":197,"column":29}},"197":{"start":{"line":198,"column":0},"end":{"line":198,"column":7}},"200":{"start":{"line":201,"column":0},"end":{"line":201,"column":54}},"201":{"start":{"line":202,"column":0},"end":{"line":202,"column":43}},"202":{"start":{"line":203,"column":0},"end":{"line":203,"column":16}},"203":{"start":{"line":204,"column":0},"end":{"line":204,"column":18}},"204":{"start":{"line":205,"column":0},"end":{"line":205,"column":41}},"205":{"start":{"line":206,"column":0},"end":{"line":206,"column":10}},"208":{"start":{"line":209,"column":0},"end":{"line":209,"column":46}},"209":{"start":{"line":210,"column":0},"end":{"line":210,"column":14}},"211":{"start":{"line":212,"column":0},"end":{"line":212,"column":28}},"212":{"start":{"line":213,"column":0},"end":{"line":213,"column":43}},"213":{"start":{"line":214,"column":0},"end":{"line":214,"column":16}},"214":{"start":{"line":215,"column":0},"end":{"line":215,"column":18}},"215":{"start":{"line":216,"column":0},"end":{"line":216,"column":41}},"216":{"start":{"line":217,"column":0},"end":{"line":217,"column":10}},"217":{"start":{"line":218,"column":0},"end":{"line":218,"column":44}},"218":{"start":{"line":219,"column":0},"end":{"line":219,"column":7}},"219":{"start":{"line":220,"column":0},"end":{"line":220,"column":5}},"220":{"start":{"line":221,"column":0},"end":{"line":221,"column":3}},"223":{"start":{"line":224,"column":0},"end":{"line":224,"column":42}},"224":{"start":{"line":225,"column":0},"end":{"line":225,"column":8}},"225":{"start":{"line":226,"column":0},"end":{"line":226,"column":52}},"226":{"start":{"line":227,"column":0},"end":{"line":227,"column":33}},"227":{"start":{"line":228,"column":0},"end":{"line":228,"column":7}},"229":{"start":{"line":230,"column":0},"end":{"line":230,"column":47}},"231":{"start":{"line":232,"column":0},"end":{"line":232,"column":23}},"233":{"start":{"line":234,"column":0},"end":{"line":234,"column":57}},"234":{"start":{"line":235,"column":0},"end":{"line":235,"column":37}},"235":{"start":{"line":236,"column":0},"end":{"line":236,"column":9}},"238":{"start":{"line":239,"column":0},"end":{"line":239,"column":28}},"239":{"start":{"line":240,"column":0},"end":{"line":240,"column":7}},"240":{"start":{"line":241,"column":0},"end":{"line":241,"column":5}},"241":{"start":{"line":242,"column":0},"end":{"line":242,"column":3}},"244":{"start":{"line":245,"column":0},"end":{"line":245,"column":34}},"245":{"start":{"line":246,"column":0},"end":{"line":246,"column":32}},"247":{"start":{"line":248,"column":0},"end":{"line":248,"column":20}},"248":{"start":{"line":249,"column":0},"end":{"line":249,"column":22}},"249":{"start":{"line":250,"column":0},"end":{"line":250,"column":27}},"250":{"start":{"line":251,"column":0},"end":{"line":251,"column":21}},"253":{"start":{"line":254,"column":0},"end":{"line":254,"column":43}},"255":{"start":{"line":256,"column":0},"end":{"line":256,"column":29}},"256":{"start":{"line":257,"column":0},"end":{"line":257,"column":23}},"257":{"start":{"line":258,"column":0},"end":{"line":258,"column":44}},"258":{"start":{"line":259,"column":0},"end":{"line":259,"column":11}},"260":{"start":{"line":261,"column":0},"end":{"line":261,"column":34}},"261":{"start":{"line":262,"column":0},"end":{"line":262,"column":16}},"262":{"start":{"line":263,"column":0},"end":{"line":263,"column":29}},"263":{"start":{"line":264,"column":0},"end":{"line":264,"column":9}},"264":{"start":{"line":265,"column":0},"end":{"line":265,"column":14}},"266":{"start":{"line":267,"column":0},"end":{"line":267,"column":27}},"267":{"start":{"line":268,"column":0},"end":{"line":268,"column":27}},"268":{"start":{"line":269,"column":0},"end":{"line":269,"column":30}},"269":{"start":{"line":270,"column":0},"end":{"line":270,"column":33}},"270":{"start":{"line":271,"column":0},"end":{"line":271,"column":34}},"272":{"start":{"line":273,"column":0},"end":{"line":273,"column":54}},"273":{"start":{"line":274,"column":0},"end":{"line":274,"column":31}},"274":{"start":{"line":275,"column":0},"end":{"line":275,"column":69}},"275":{"start":{"line":276,"column":0},"end":{"line":276,"column":18}},"276":{"start":{"line":277,"column":0},"end":{"line":277,"column":39}},"277":{"start":{"line":278,"column":0},"end":{"line":278,"column":11}},"278":{"start":{"line":279,"column":0},"end":{"line":279,"column":29}},"279":{"start":{"line":280,"column":0},"end":{"line":280,"column":43}},"280":{"start":{"line":281,"column":0},"end":{"line":281,"column":45}},"283":{"start":{"line":284,"column":0},"end":{"line":284,"column":14}},"284":{"start":{"line":285,"column":0},"end":{"line":285,"column":28}},"285":{"start":{"line":286,"column":0},"end":{"line":286,"column":36}},"286":{"start":{"line":287,"column":0},"end":{"line":287,"column":73}},"287":{"start":{"line":288,"column":0},"end":{"line":288,"column":13}},"289":{"start":{"line":290,"column":0},"end":{"line":290,"column":34}},"290":{"start":{"line":291,"column":0},"end":{"line":291,"column":66}},"291":{"start":{"line":292,"column":0},"end":{"line":292,"column":23}},"292":{"start":{"line":293,"column":0},"end":{"line":293,"column":13}},"294":{"start":{"line":295,"column":0},"end":{"line":295,"column":39}},"296":{"start":{"line":297,"column":0},"end":{"line":297,"column":66}},"297":{"start":{"line":298,"column":0},"end":{"line":298,"column":37}},"298":{"start":{"line":299,"column":0},"end":{"line":299,"column":64}},"299":{"start":{"line":300,"column":0},"end":{"line":300,"column":22}},"300":{"start":{"line":301,"column":0},"end":{"line":301,"column":39}},"301":{"start":{"line":302,"column":0},"end":{"line":302,"column":15}},"303":{"start":{"line":304,"column":0},"end":{"line":304,"column":33}},"304":{"start":{"line":305,"column":0},"end":{"line":305,"column":23}},"305":{"start":{"line":306,"column":0},"end":{"line":306,"column":13}},"306":{"start":{"line":307,"column":0},"end":{"line":307,"column":11}},"308":{"start":{"line":309,"column":0},"end":{"line":309,"column":33}},"309":{"start":{"line":310,"column":0},"end":{"line":310,"column":28}},"310":{"start":{"line":311,"column":0},"end":{"line":311,"column":32}},"311":{"start":{"line":312,"column":0},"end":{"line":312,"column":16}},"313":{"start":{"line":314,"column":0},"end":{"line":314,"column":35}},"314":{"start":{"line":315,"column":0},"end":{"line":315,"column":29}},"315":{"start":{"line":316,"column":0},"end":{"line":316,"column":9}},"316":{"start":{"line":317,"column":0},"end":{"line":317,"column":14}},"318":{"start":{"line":319,"column":0},"end":{"line":319,"column":26}},"319":{"start":{"line":320,"column":0},"end":{"line":320,"column":42}},"320":{"start":{"line":321,"column":0},"end":{"line":321,"column":46}},"321":{"start":{"line":322,"column":0},"end":{"line":322,"column":37}},"322":{"start":{"line":323,"column":0},"end":{"line":323,"column":34}},"323":{"start":{"line":324,"column":0},"end":{"line":324,"column":34}},"324":{"start":{"line":325,"column":0},"end":{"line":325,"column":29}},"325":{"start":{"line":326,"column":0},"end":{"line":326,"column":40}},"326":{"start":{"line":327,"column":0},"end":{"line":327,"column":18}},"327":{"start":{"line":328,"column":0},"end":{"line":328,"column":71}},"328":{"start":{"line":329,"column":0},"end":{"line":329,"column":11}},"330":{"start":{"line":331,"column":0},"end":{"line":331,"column":29}},"331":{"start":{"line":332,"column":0},"end":{"line":332,"column":28}},"332":{"start":{"line":333,"column":0},"end":{"line":333,"column":31}},"333":{"start":{"line":334,"column":0},"end":{"line":334,"column":32}},"334":{"start":{"line":335,"column":0},"end":{"line":335,"column":29}},"335":{"start":{"line":336,"column":0},"end":{"line":336,"column":51}},"336":{"start":{"line":337,"column":0},"end":{"line":337,"column":31}},"337":{"start":{"line":338,"column":0},"end":{"line":338,"column":32}},"338":{"start":{"line":339,"column":0},"end":{"line":339,"column":9}},"339":{"start":{"line":340,"column":0},"end":{"line":340,"column":14}},"341":{"start":{"line":342,"column":0},"end":{"line":342,"column":27}},"342":{"start":{"line":343,"column":0},"end":{"line":343,"column":43}},"343":{"start":{"line":344,"column":0},"end":{"line":344,"column":47}},"344":{"start":{"line":345,"column":0},"end":{"line":345,"column":34}},"345":{"start":{"line":346,"column":0},"end":{"line":346,"column":41}},"346":{"start":{"line":347,"column":0},"end":{"line":347,"column":37}},"347":{"start":{"line":348,"column":0},"end":{"line":348,"column":31}},"349":{"start":{"line":350,"column":0},"end":{"line":350,"column":52}},"350":{"start":{"line":351,"column":0},"end":{"line":351,"column":32}},"351":{"start":{"line":352,"column":0},"end":{"line":352,"column":11}},"352":{"start":{"line":353,"column":0},"end":{"line":353,"column":34}},"353":{"start":{"line":354,"column":0},"end":{"line":354,"column":31}},"355":{"start":{"line":356,"column":0},"end":{"line":356,"column":52}},"356":{"start":{"line":357,"column":0},"end":{"line":357,"column":32}},"357":{"start":{"line":358,"column":0},"end":{"line":358,"column":11}},"359":{"start":{"line":360,"column":0},"end":{"line":360,"column":29}},"360":{"start":{"line":361,"column":0},"end":{"line":361,"column":40}},"361":{"start":{"line":362,"column":0},"end":{"line":362,"column":18}},"362":{"start":{"line":363,"column":0},"end":{"line":363,"column":71}},"363":{"start":{"line":364,"column":0},"end":{"line":364,"column":11}},"365":{"start":{"line":366,"column":0},"end":{"line":366,"column":29}},"366":{"start":{"line":367,"column":0},"end":{"line":367,"column":28}},"367":{"start":{"line":368,"column":0},"end":{"line":368,"column":31}},"368":{"start":{"line":369,"column":0},"end":{"line":369,"column":32}},"369":{"start":{"line":370,"column":0},"end":{"line":370,"column":29}},"370":{"start":{"line":371,"column":0},"end":{"line":371,"column":51}},"371":{"start":{"line":372,"column":0},"end":{"line":372,"column":31}},"373":{"start":{"line":374,"column":0},"end":{"line":374,"column":52}},"374":{"start":{"line":375,"column":0},"end":{"line":375,"column":32}},"375":{"start":{"line":376,"column":0},"end":{"line":376,"column":11}},"377":{"start":{"line":378,"column":0},"end":{"line":378,"column":31}},"378":{"start":{"line":379,"column":0},"end":{"line":379,"column":32}},"379":{"start":{"line":380,"column":0},"end":{"line":380,"column":9}},"380":{"start":{"line":381,"column":0},"end":{"line":381,"column":14}},"382":{"start":{"line":383,"column":0},"end":{"line":383,"column":34}},"383":{"start":{"line":384,"column":0},"end":{"line":384,"column":43}},"384":{"start":{"line":385,"column":0},"end":{"line":385,"column":25}},"385":{"start":{"line":386,"column":0},"end":{"line":386,"column":31}},"386":{"start":{"line":387,"column":0},"end":{"line":387,"column":35}},"387":{"start":{"line":388,"column":0},"end":{"line":388,"column":37}},"389":{"start":{"line":390,"column":0},"end":{"line":390,"column":34}},"391":{"start":{"line":392,"column":0},"end":{"line":392,"column":50}},"392":{"start":{"line":393,"column":0},"end":{"line":393,"column":30}},"394":{"start":{"line":395,"column":0},"end":{"line":395,"column":29}},"395":{"start":{"line":396,"column":0},"end":{"line":396,"column":40}},"396":{"start":{"line":397,"column":0},"end":{"line":397,"column":18}},"397":{"start":{"line":398,"column":0},"end":{"line":398,"column":71}},"398":{"start":{"line":399,"column":0},"end":{"line":399,"column":11}},"400":{"start":{"line":401,"column":0},"end":{"line":401,"column":29}},"401":{"start":{"line":402,"column":0},"end":{"line":402,"column":28}},"402":{"start":{"line":403,"column":0},"end":{"line":403,"column":31}},"403":{"start":{"line":404,"column":0},"end":{"line":404,"column":32}},"404":{"start":{"line":405,"column":0},"end":{"line":405,"column":29}},"405":{"start":{"line":406,"column":0},"end":{"line":406,"column":16}},"407":{"start":{"line":408,"column":0},"end":{"line":408,"column":33}},"408":{"start":{"line":409,"column":0},"end":{"line":409,"column":35}},"409":{"start":{"line":410,"column":0},"end":{"line":410,"column":9}},"410":{"start":{"line":411,"column":0},"end":{"line":411,"column":14}},"412":{"start":{"line":413,"column":0},"end":{"line":413,"column":28}},"413":{"start":{"line":414,"column":0},"end":{"line":414,"column":42}},"415":{"start":{"line":416,"column":0},"end":{"line":416,"column":63}},"416":{"start":{"line":417,"column":0},"end":{"line":417,"column":30}},"417":{"start":{"line":418,"column":0},"end":{"line":418,"column":31}},"418":{"start":{"line":419,"column":0},"end":{"line":419,"column":23}},"419":{"start":{"line":420,"column":0},"end":{"line":420,"column":34}},"420":{"start":{"line":421,"column":0},"end":{"line":421,"column":52}},"422":{"start":{"line":423,"column":0},"end":{"line":423,"column":63}},"423":{"start":{"line":424,"column":0},"end":{"line":424,"column":30}},"424":{"start":{"line":425,"column":0},"end":{"line":425,"column":31}},"426":{"start":{"line":427,"column":0},"end":{"line":427,"column":29}},"427":{"start":{"line":428,"column":0},"end":{"line":428,"column":31}},"428":{"start":{"line":429,"column":0},"end":{"line":429,"column":42}},"429":{"start":{"line":430,"column":0},"end":{"line":430,"column":20}},"430":{"start":{"line":431,"column":0},"end":{"line":431,"column":73}},"431":{"start":{"line":432,"column":0},"end":{"line":432,"column":13}},"433":{"start":{"line":434,"column":0},"end":{"line":434,"column":31}},"434":{"start":{"line":435,"column":0},"end":{"line":435,"column":30}},"435":{"start":{"line":436,"column":0},"end":{"line":436,"column":33}},"436":{"start":{"line":437,"column":0},"end":{"line":437,"column":34}},"437":{"start":{"line":438,"column":0},"end":{"line":438,"column":31}},"438":{"start":{"line":439,"column":0},"end":{"line":439,"column":18}},"439":{"start":{"line":440,"column":0},"end":{"line":440,"column":36}},"440":{"start":{"line":441,"column":0},"end":{"line":441,"column":11}},"441":{"start":{"line":442,"column":0},"end":{"line":442,"column":16}},"442":{"start":{"line":443,"column":0},"end":{"line":443,"column":34}},"443":{"start":{"line":444,"column":0},"end":{"line":444,"column":9}},"444":{"start":{"line":445,"column":0},"end":{"line":445,"column":14}},"446":{"start":{"line":447,"column":0},"end":{"line":447,"column":25}},"447":{"start":{"line":448,"column":0},"end":{"line":448,"column":27}},"448":{"start":{"line":449,"column":0},"end":{"line":449,"column":29}},"449":{"start":{"line":450,"column":0},"end":{"line":450,"column":40}},"450":{"start":{"line":451,"column":0},"end":{"line":451,"column":18}},"451":{"start":{"line":452,"column":0},"end":{"line":452,"column":62}},"452":{"start":{"line":453,"column":0},"end":{"line":453,"column":11}},"454":{"start":{"line":455,"column":0},"end":{"line":455,"column":29}},"455":{"start":{"line":456,"column":0},"end":{"line":456,"column":28}},"456":{"start":{"line":457,"column":0},"end":{"line":457,"column":31}},"457":{"start":{"line":458,"column":0},"end":{"line":458,"column":32}},"458":{"start":{"line":459,"column":0},"end":{"line":459,"column":29}},"459":{"start":{"line":460,"column":0},"end":{"line":460,"column":9}},"460":{"start":{"line":461,"column":0},"end":{"line":461,"column":14}},"461":{"start":{"line":462,"column":0},"end":{"line":462,"column":5}},"463":{"start":{"line":464,"column":0},"end":{"line":464,"column":15}},"464":{"start":{"line":465,"column":0},"end":{"line":465,"column":3}},"467":{"start":{"line":468,"column":0},"end":{"line":468,"column":13}},"470":{"start":{"line":471,"column":0},"end":{"line":471,"column":47}},"471":{"start":{"line":472,"column":0},"end":{"line":472,"column":31}},"472":{"start":{"line":473,"column":0},"end":{"line":473,"column":3}},"474":{"start":{"line":475,"column":0},"end":{"line":475,"column":16}},"475":{"start":{"line":476,"column":0},"end":{"line":476,"column":1}}},"s":{"6":1,"8":1,"9":1,"15":1,"16":1,"17":1,"18":1,"21":47,"22":47,"23":47,"24":47,"25":47,"26":47,"27":47,"37":103,"38":103,"39":103,"40":103,"41":103,"43":103,"46":103,"49":103,"51":103,"54":103,"55":66,"58":66,"59":19,"60":19,"63":66,"64":0,"65":0,"68":66,"70":29,"71":29,"72":4,"73":3,"74":3,"75":3,"76":29,"77":26,"78":26,"82":3,"83":3,"84":2,"85":2,"86":1,"87":6,"88":6,"89":1,"90":29,"91":3,"92":3,"93":29,"96":66,"97":14,"98":66,"99":4,"100":4,"101":66,"103":103,"104":103,"113":1,"115":90,"118":90,"121":90,"124":90,"125":90,"128":90,"129":90,"130":90,"131":90,"132":90,"133":90,"134":90,"135":90,"136":90,"138":90,"139":90,"140":90,"141":90,"142":90,"143":90,"144":90,"145":90,"148":90,"149":312,"151":102,"154":102,"156":102,"157":102,"158":102,"159":489,"160":489,"161":102,"162":102,"166":102,"167":102,"168":102,"170":102,"171":102,"172":312,"175":90,"176":112,"177":112,"178":112,"179":112,"181":112,"182":0,"183":0,"185":112,"187":103,"188":6,"191":6,"192":6,"193":6,"196":6,"197":6,"200":103,"201":7,"202":7,"203":7,"204":7,"205":7,"208":7,"209":103,"211":96,"212":96,"213":96,"214":96,"215":96,"216":96,"217":96,"218":96,"219":103,"220":112,"223":90,"224":96,"225":96,"226":89,"227":96,"229":89,"231":89,"233":79,"234":81,"235":81,"238":79,"239":79,"240":89,"241":96,"244":90,"245":3311,"247":3311,"248":3311,"249":707,"250":220,"253":220,"255":2,"256":2,"257":2,"258":2,"260":220,"261":707,"262":487,"263":487,"264":707,"266":3311,"267":220,"268":96,"269":96,"270":216,"272":6,"273":6,"274":6,"275":6,"276":0,"277":0,"278":6,"279":124,"280":118,"283":118,"284":118,"285":118,"286":9,"287":118,"289":4,"290":4,"291":24,"292":24,"294":4,"296":4,"297":4,"298":4,"299":4,"300":0,"301":0,"303":4,"304":4,"305":4,"306":4,"308":114,"309":114,"310":114,"311":118,"313":0,"314":0,"315":0,"316":216,"318":3311,"319":594,"320":373,"321":594,"322":58,"323":221,"324":151,"325":96,"326":151,"327":55,"328":55,"330":151,"331":151,"332":151,"333":151,"334":151,"335":163,"336":1,"337":1,"338":1,"339":594,"341":3311,"342":474,"343":329,"344":474,"345":68,"346":144,"347":23,"349":4,"350":4,"351":4,"352":77,"353":52,"355":1,"356":1,"357":1,"359":52,"360":0,"361":52,"362":52,"363":52,"365":52,"366":52,"367":52,"368":52,"369":52,"370":54,"371":2,"373":0,"374":0,"375":0,"377":2,"378":2,"379":2,"380":474,"382":3311,"383":73,"384":65,"385":65,"386":65,"387":73,"389":8,"391":0,"392":0,"394":0,"395":0,"396":0,"397":0,"398":0,"400":0,"401":0,"402":0,"403":0,"404":0,"405":3,"407":3,"408":3,"409":3,"410":73,"412":3311,"413":1240,"415":63,"416":63,"417":63,"418":63,"419":63,"420":1240,"422":3,"423":3,"424":3,"426":3,"427":2,"428":0,"429":2,"430":2,"431":2,"433":2,"434":2,"435":2,"436":2,"437":2,"438":3,"439":1,"440":1,"441":1177,"442":1174,"443":1174,"444":1240,"446":3311,"447":3,"448":3,"449":0,"450":3,"451":3,"452":3,"454":3,"455":3,"456":3,"457":3,"458":3,"459":3,"460":3,"461":3311,"463":3307,"464":3307,"467":90,"470":90,"471":9,"472":9,"474":90,"475":90},"branchMap":{"0":{"type":"branch","line":22,"loc":{"start":{"line":22,"column":0},"end":{"line":28,"column":1}},"locations":[{"start":{"line":22,"column":0},"end":{"line":28,"column":1}}]},"1":{"type":"branch","line":38,"loc":{"start":{"line":38,"column":0},"end":{"line":105,"column":1}},"locations":[{"start":{"line":38,"column":0},"end":{"line":105,"column":1}}]},"2":{"type":"branch","line":44,"loc":{"start":{"line":44,"column":54},"end":{"line":44,"column":62}},"locations":[{"start":{"line":44,"column":54},"end":{"line":44,"column":62}}]},"3":{"type":"branch","line":47,"loc":{"start":{"line":47,"column":46},"end":{"line":47,"column":54}},"locations":[{"start":{"line":47,"column":46},"end":{"line":47,"column":54}}]},"4":{"type":"branch","line":55,"loc":{"start":{"line":55,"column":37},"end":{"line":102,"column":3}},"locations":[{"start":{"line":55,"column":37},"end":{"line":102,"column":3}}]},"5":{"type":"branch","line":59,"loc":{"start":{"line":59,"column":40},"end":{"line":59,"column":78}},"locations":[{"start":{"line":59,"column":40},"end":{"line":59,"column":78}}]},"6":{"type":"branch","line":59,"loc":{"start":{"line":59,"column":78},"end":{"line":61,"column":5}},"locations":[{"start":{"line":59,"column":78},"end":{"line":61,"column":5}}]},"7":{"type":"branch","line":61,"loc":{"start":{"line":61,"column":4},"end":{"line":64,"column":61}},"locations":[{"start":{"line":61,"column":4},"end":{"line":64,"column":61}}]},"8":{"type":"branch","line":64,"loc":{"start":{"line":64,"column":61},"end":{"line":66,"column":5}},"locations":[{"start":{"line":64,"column":61},"end":{"line":66,"column":5}}]},"9":{"type":"branch","line":66,"loc":{"start":{"line":66,"column":4},"end":{"line":69,"column":17}},"locations":[{"start":{"line":66,"column":4},"end":{"line":69,"column":17}}]},"10":{"type":"branch","line":69,"loc":{"start":{"line":69,"column":8},"end":{"line":69,"column":50}},"locations":[{"start":{"line":69,"column":8},"end":{"line":69,"column":50}}]},"11":{"type":"branch","line":69,"loc":{"start":{"line":69,"column":50},"end":{"line":94,"column":5}},"locations":[{"start":{"line":69,"column":50},"end":{"line":94,"column":5}}]},"12":{"type":"branch","line":72,"loc":{"start":{"line":72,"column":22},"end":{"line":73,"column":30}},"locations":[{"start":{"line":72,"column":22},"end":{"line":73,"column":30}}]},"13":{"type":"branch","line":73,"loc":{"start":{"line":73,"column":22},"end":{"line":74,"column":33}},"locations":[{"start":{"line":73,"column":22},"end":{"line":74,"column":33}}]},"14":{"type":"branch","line":74,"loc":{"start":{"line":74,"column":22},"end":{"line":75,"column":37}},"locations":[{"start":{"line":74,"column":22},"end":{"line":75,"column":37}}]},"15":{"type":"branch","line":75,"loc":{"start":{"line":75,"column":22},"end":{"line":76,"column":34}},"locations":[{"start":{"line":75,"column":22},"end":{"line":76,"column":34}}]},"16":{"type":"branch","line":77,"loc":{"start":{"line":77,"column":8},"end":{"line":79,"column":7}},"locations":[{"start":{"line":77,"column":8},"end":{"line":79,"column":7}}]},"17":{"type":"branch","line":79,"loc":{"start":{"line":79,"column":6},"end":{"line":84,"column":53}},"locations":[{"start":{"line":79,"column":6},"end":{"line":84,"column":53}}]},"18":{"type":"branch","line":84,"loc":{"start":{"line":84,"column":49},"end":{"line":85,"column":49}},"locations":[{"start":{"line":84,"column":49},"end":{"line":85,"column":49}}]},"19":{"type":"branch","line":85,"loc":{"start":{"line":85,"column":45},"end":{"line":86,"column":48}},"locations":[{"start":{"line":85,"column":45},"end":{"line":86,"column":48}}]},"20":{"type":"branch","line":86,"loc":{"start":{"line":86,"column":44},"end":{"line":90,"column":10}},"locations":[{"start":{"line":86,"column":44},"end":{"line":90,"column":10}}]},"21":{"type":"branch","line":91,"loc":{"start":{"line":91,"column":8},"end":{"line":93,"column":7}},"locations":[{"start":{"line":91,"column":8},"end":{"line":93,"column":7}}]},"22":{"type":"branch","line":94,"loc":{"start":{"line":94,"column":4},"end":{"line":97,"column":15}},"locations":[{"start":{"line":94,"column":4},"end":{"line":97,"column":15}}]},"23":{"type":"branch","line":97,"loc":{"start":{"line":97,"column":15},"end":{"line":99,"column":11}},"locations":[{"start":{"line":97,"column":15},"end":{"line":99,"column":11}}]},"24":{"type":"branch","line":99,"loc":{"start":{"line":99,"column":4},"end":{"line":101,"column":5}},"locations":[{"start":{"line":99,"column":4},"end":{"line":101,"column":5}}]},"25":{"type":"branch","line":87,"loc":{"start":{"line":87,"column":29},"end":{"line":90,"column":9}},"locations":[{"start":{"line":87,"column":29},"end":{"line":90,"column":9}}]},"26":{"type":"branch","line":89,"loc":{"start":{"line":89,"column":42},"end":{"line":89,"column":68}},"locations":[{"start":{"line":89,"column":42},"end":{"line":89,"column":68}}]},"27":{"type":"branch","line":114,"loc":{"start":{"line":114,"column":7},"end":{"line":476,"column":1}},"locations":[{"start":{"line":114,"column":7},"end":{"line":476,"column":1}}]},"28":{"type":"branch","line":245,"loc":{"start":{"line":245,"column":33},"end":{"line":465,"column":3}},"locations":[{"start":{"line":245,"column":33},"end":{"line":465,"column":3}}]},"29":{"type":"branch","line":249,"loc":{"start":{"line":249,"column":6},"end":{"line":265,"column":14}},"locations":[{"start":{"line":249,"column":6},"end":{"line":265,"column":14}}]},"30":{"type":"branch","line":250,"loc":{"start":{"line":250,"column":26},"end":{"line":262,"column":15}},"locations":[{"start":{"line":250,"column":26},"end":{"line":262,"column":15}}]},"31":{"type":"branch","line":254,"loc":{"start":{"line":254,"column":42},"end":{"line":259,"column":11}},"locations":[{"start":{"line":254,"column":42},"end":{"line":259,"column":11}}]},"32":{"type":"branch","line":262,"loc":{"start":{"line":262,"column":8},"end":{"line":264,"column":9}},"locations":[{"start":{"line":262,"column":8},"end":{"line":264,"column":9}}]},"33":{"type":"branch","line":267,"loc":{"start":{"line":267,"column":6},"end":{"line":317,"column":14}},"locations":[{"start":{"line":267,"column":6},"end":{"line":317,"column":14}}]},"34":{"type":"branch","line":268,"loc":{"start":{"line":268,"column":26},"end":{"line":317,"column":14}},"locations":[{"start":{"line":268,"column":26},"end":{"line":317,"column":14}}]},"35":{"type":"branch","line":268,"loc":{"start":{"line":268,"column":26},"end":{"line":271,"column":19}},"locations":[{"start":{"line":268,"column":26},"end":{"line":271,"column":19}}]},"36":{"type":"branch","line":271,"loc":{"start":{"line":271,"column":8},"end":{"line":316,"column":9}},"locations":[{"start":{"line":271,"column":8},"end":{"line":316,"column":9}}]},"37":{"type":"branch","line":271,"loc":{"start":{"line":271,"column":33},"end":{"line":280,"column":19}},"locations":[{"start":{"line":271,"column":33},"end":{"line":280,"column":19}}]},"38":{"type":"branch","line":276,"loc":{"start":{"line":276,"column":10},"end":{"line":278,"column":11}},"locations":[{"start":{"line":276,"column":10},"end":{"line":278,"column":11}}]},"39":{"type":"branch","line":280,"loc":{"start":{"line":280,"column":8},"end":{"line":316,"column":9}},"locations":[{"start":{"line":280,"column":8},"end":{"line":316,"column":9}}]},"40":{"type":"branch","line":286,"loc":{"start":{"line":286,"column":30},"end":{"line":287,"column":73}},"locations":[{"start":{"line":286,"column":30},"end":{"line":287,"column":73}}]},"41":{"type":"branch","line":288,"loc":{"start":{"line":288,"column":12},"end":{"line":307,"column":11}},"locations":[{"start":{"line":288,"column":12},"end":{"line":307,"column":11}}]},"42":{"type":"branch","line":291,"loc":{"start":{"line":291,"column":33},"end":{"line":291,"column":65}},"locations":[{"start":{"line":291,"column":33},"end":{"line":291,"column":65}}]},"43":{"type":"branch","line":291,"loc":{"start":{"line":291,"column":65},"end":{"line":293,"column":13}},"locations":[{"start":{"line":291,"column":65},"end":{"line":293,"column":13}}]},"44":{"type":"branch","line":300,"loc":{"start":{"line":300,"column":14},"end":{"line":302,"column":15}},"locations":[{"start":{"line":300,"column":14},"end":{"line":302,"column":15}}]},"45":{"type":"branch","line":307,"loc":{"start":{"line":307,"column":10},"end":{"line":312,"column":15}},"locations":[{"start":{"line":307,"column":10},"end":{"line":312,"column":15}}]},"46":{"type":"branch","line":312,"loc":{"start":{"line":312,"column":8},"end":{"line":316,"column":9}},"locations":[{"start":{"line":312,"column":8},"end":{"line":316,"column":9}}]},"47":{"type":"branch","line":319,"loc":{"start":{"line":319,"column":6},"end":{"line":340,"column":14}},"locations":[{"start":{"line":319,"column":6},"end":{"line":340,"column":14}}]},"48":{"type":"branch","line":320,"loc":{"start":{"line":320,"column":41},"end":{"line":322,"column":19}},"locations":[{"start":{"line":320,"column":41},"end":{"line":322,"column":19}}]},"49":{"type":"branch","line":322,"loc":{"start":{"line":322,"column":8},"end":{"line":339,"column":9}},"locations":[{"start":{"line":322,"column":8},"end":{"line":339,"column":9}}]},"50":{"type":"branch","line":322,"loc":{"start":{"line":322,"column":36},"end":{"line":324,"column":19}},"locations":[{"start":{"line":322,"column":36},"end":{"line":324,"column":19}}]},"51":{"type":"branch","line":324,"loc":{"start":{"line":324,"column":8},"end":{"line":339,"column":9}},"locations":[{"start":{"line":324,"column":8},"end":{"line":339,"column":9}}]},"52":{"type":"branch","line":324,"loc":{"start":{"line":324,"column":33},"end":{"line":336,"column":19}},"locations":[{"start":{"line":324,"column":33},"end":{"line":336,"column":19}}]},"53":{"type":"branch","line":325,"loc":{"start":{"line":325,"column":28},"end":{"line":327,"column":17}},"locations":[{"start":{"line":325,"column":28},"end":{"line":327,"column":17}}]},"54":{"type":"branch","line":327,"loc":{"start":{"line":327,"column":10},"end":{"line":329,"column":11}},"locations":[{"start":{"line":327,"column":10},"end":{"line":329,"column":11}}]},"55":{"type":"branch","line":336,"loc":{"start":{"line":336,"column":8},"end":{"line":339,"column":9}},"locations":[{"start":{"line":336,"column":8},"end":{"line":339,"column":9}}]},"56":{"type":"branch","line":336,"loc":{"start":{"line":336,"column":28},"end":{"line":336,"column":50}},"locations":[{"start":{"line":336,"column":28},"end":{"line":336,"column":50}}]},"57":{"type":"branch","line":336,"loc":{"start":{"line":336,"column":50},"end":{"line":339,"column":9}},"locations":[{"start":{"line":336,"column":50},"end":{"line":339,"column":9}}]},"58":{"type":"branch","line":342,"loc":{"start":{"line":342,"column":6},"end":{"line":381,"column":14}},"locations":[{"start":{"line":342,"column":6},"end":{"line":381,"column":14}}]},"59":{"type":"branch","line":343,"loc":{"start":{"line":343,"column":42},"end":{"line":345,"column":19}},"locations":[{"start":{"line":343,"column":42},"end":{"line":345,"column":19}}]},"60":{"type":"branch","line":345,"loc":{"start":{"line":345,"column":8},"end":{"line":380,"column":9}},"locations":[{"start":{"line":345,"column":8},"end":{"line":380,"column":9}}]},"61":{"type":"branch","line":345,"loc":{"start":{"line":345,"column":33},"end":{"line":380,"column":9}},"locations":[{"start":{"line":345,"column":33},"end":{"line":380,"column":9}}]},"62":{"type":"branch","line":345,"loc":{"start":{"line":345,"column":33},"end":{"line":347,"column":19}},"locations":[{"start":{"line":345,"column":33},"end":{"line":347,"column":19}}]},"63":{"type":"branch","line":347,"loc":{"start":{"line":347,"column":8},"end":{"line":380,"column":9}},"locations":[{"start":{"line":347,"column":8},"end":{"line":380,"column":9}}]},"64":{"type":"branch","line":347,"loc":{"start":{"line":347,"column":36},"end":{"line":353,"column":19}},"locations":[{"start":{"line":347,"column":36},"end":{"line":353,"column":19}}]},"65":{"type":"branch","line":348,"loc":{"start":{"line":348,"column":30},"end":{"line":352,"column":11}},"locations":[{"start":{"line":348,"column":30},"end":{"line":352,"column":11}}]},"66":{"type":"branch","line":353,"loc":{"start":{"line":353,"column":8},"end":{"line":380,"column":9}},"locations":[{"start":{"line":353,"column":8},"end":{"line":380,"column":9}}]},"67":{"type":"branch","line":353,"loc":{"start":{"line":353,"column":33},"end":{"line":371,"column":19}},"locations":[{"start":{"line":353,"column":33},"end":{"line":371,"column":19}}]},"68":{"type":"branch","line":354,"loc":{"start":{"line":354,"column":30},"end":{"line":358,"column":11}},"locations":[{"start":{"line":354,"column":30},"end":{"line":358,"column":11}}]},"69":{"type":"branch","line":360,"loc":{"start":{"line":360,"column":28},"end":{"line":362,"column":17}},"locations":[{"start":{"line":360,"column":28},"end":{"line":362,"column":17}}]},"70":{"type":"branch","line":371,"loc":{"start":{"line":371,"column":8},"end":{"line":380,"column":9}},"locations":[{"start":{"line":371,"column":8},"end":{"line":380,"column":9}}]},"71":{"type":"branch","line":372,"loc":{"start":{"line":372,"column":30},"end":{"line":376,"column":11}},"locations":[{"start":{"line":372,"column":30},"end":{"line":376,"column":11}}]},"72":{"type":"branch","line":383,"loc":{"start":{"line":383,"column":6},"end":{"line":411,"column":14}},"locations":[{"start":{"line":383,"column":6},"end":{"line":411,"column":14}}]},"73":{"type":"branch","line":384,"loc":{"start":{"line":384,"column":21},"end":{"line":384,"column":42}},"locations":[{"start":{"line":384,"column":21},"end":{"line":384,"column":42}}]},"74":{"type":"branch","line":384,"loc":{"start":{"line":384,"column":42},"end":{"line":388,"column":19}},"locations":[{"start":{"line":384,"column":42},"end":{"line":388,"column":19}}]},"75":{"type":"branch","line":388,"loc":{"start":{"line":388,"column":8},"end":{"line":410,"column":9}},"locations":[{"start":{"line":388,"column":8},"end":{"line":410,"column":9}}]},"76":{"type":"branch","line":388,"loc":{"start":{"line":388,"column":36},"end":{"line":390,"column":19}},"locations":[{"start":{"line":388,"column":36},"end":{"line":390,"column":19}}]},"77":{"type":"branch","line":390,"loc":{"start":{"line":390,"column":8},"end":{"line":410,"column":9}},"locations":[{"start":{"line":390,"column":8},"end":{"line":410,"column":9}}]},"78":{"type":"branch","line":390,"loc":{"start":{"line":390,"column":33},"end":{"line":406,"column":15}},"locations":[{"start":{"line":390,"column":33},"end":{"line":406,"column":15}}]},"79":{"type":"branch","line":413,"loc":{"start":{"line":413,"column":6},"end":{"line":445,"column":14}},"locations":[{"start":{"line":413,"column":6},"end":{"line":445,"column":14}}]},"80":{"type":"branch","line":414,"loc":{"start":{"line":414,"column":12},"end":{"line":414,"column":41}},"locations":[{"start":{"line":414,"column":12},"end":{"line":414,"column":41}}]},"81":{"type":"branch","line":414,"loc":{"start":{"line":414,"column":41},"end":{"line":421,"column":19}},"locations":[{"start":{"line":414,"column":41},"end":{"line":421,"column":19}}]},"82":{"type":"branch","line":421,"loc":{"start":{"line":421,"column":8},"end":{"line":444,"column":9}},"locations":[{"start":{"line":421,"column":8},"end":{"line":444,"column":9}}]},"83":{"type":"branch","line":421,"loc":{"start":{"line":421,"column":20},"end":{"line":421,"column":51}},"locations":[{"start":{"line":421,"column":20},"end":{"line":421,"column":51}}]},"84":{"type":"branch","line":421,"loc":{"start":{"line":421,"column":51},"end":{"line":442,"column":15}},"locations":[{"start":{"line":421,"column":51},"end":{"line":442,"column":15}}]},"85":{"type":"branch","line":427,"loc":{"start":{"line":427,"column":28},"end":{"line":439,"column":17}},"locations":[{"start":{"line":427,"column":28},"end":{"line":439,"column":17}}]},"86":{"type":"branch","line":428,"loc":{"start":{"line":428,"column":30},"end":{"line":430,"column":19}},"locations":[{"start":{"line":428,"column":30},"end":{"line":430,"column":19}}]},"87":{"type":"branch","line":439,"loc":{"start":{"line":439,"column":10},"end":{"line":441,"column":11}},"locations":[{"start":{"line":439,"column":10},"end":{"line":441,"column":11}}]},"88":{"type":"branch","line":442,"loc":{"start":{"line":442,"column":8},"end":{"line":444,"column":9}},"locations":[{"start":{"line":442,"column":8},"end":{"line":444,"column":9}}]},"89":{"type":"branch","line":447,"loc":{"start":{"line":447,"column":6},"end":{"line":461,"column":14}},"locations":[{"start":{"line":447,"column":6},"end":{"line":461,"column":14}}]},"90":{"type":"branch","line":449,"loc":{"start":{"line":449,"column":28},"end":{"line":451,"column":17}},"locations":[{"start":{"line":449,"column":28},"end":{"line":451,"column":17}}]},"91":{"type":"branch","line":462,"loc":{"start":{"line":462,"column":4},"end":{"line":465,"column":3}},"locations":[{"start":{"line":462,"column":4},"end":{"line":465,"column":3}}]},"92":{"type":"branch","line":471,"loc":{"start":{"line":471,"column":46},"end":{"line":473,"column":3}},"locations":[{"start":{"line":471,"column":46},"end":{"line":473,"column":3}}]},"93":{"type":"branch","line":149,"loc":{"start":{"line":149,"column":2},"end":{"line":173,"column":3}},"locations":[{"start":{"line":149,"column":2},"end":{"line":173,"column":3}}]},"94":{"type":"branch","line":150,"loc":{"start":{"line":150,"column":20},"end":{"line":172,"column":5}},"locations":[{"start":{"line":150,"column":20},"end":{"line":172,"column":5}}]},"95":{"type":"branch","line":155,"loc":{"start":{"line":155,"column":20},"end":{"line":155,"column":45}},"locations":[{"start":{"line":155,"column":20},"end":{"line":155,"column":45}}]},"96":{"type":"branch","line":159,"loc":{"start":{"line":159,"column":18},"end":{"line":162,"column":11}},"locations":[{"start":{"line":159,"column":18},"end":{"line":162,"column":11}}]},"97":{"type":"branch","line":161,"loc":{"start":{"line":161,"column":29},"end":{"line":161,"column":69}},"locations":[{"start":{"line":161,"column":29},"end":{"line":161,"column":69}}]},"98":{"type":"branch","line":161,"loc":{"start":{"line":161,"column":46},"end":{"line":161,"column":69}},"locations":[{"start":{"line":161,"column":46},"end":{"line":161,"column":69}}]},"99":{"type":"branch","line":176,"loc":{"start":{"line":176,"column":2},"end":{"line":221,"column":3}},"locations":[{"start":{"line":176,"column":2},"end":{"line":221,"column":3}}]},"100":{"type":"branch","line":182,"loc":{"start":{"line":182,"column":30},"end":{"line":184,"column":5}},"locations":[{"start":{"line":182,"column":30},"end":{"line":184,"column":5}}]},"101":{"type":"branch","line":186,"loc":{"start":{"line":186,"column":53},"end":{"line":220,"column":5}},"locations":[{"start":{"line":186,"column":53},"end":{"line":220,"column":5}}]},"102":{"type":"branch","line":188,"loc":{"start":{"line":188,"column":22},"end":{"line":188,"column":52}},"locations":[{"start":{"line":188,"column":22},"end":{"line":188,"column":52}}]},"103":{"type":"branch","line":188,"loc":{"start":{"line":188,"column":52},"end":{"line":198,"column":7}},"locations":[{"start":{"line":188,"column":52},"end":{"line":198,"column":7}}]},"104":{"type":"branch","line":201,"loc":{"start":{"line":201,"column":35},"end":{"line":201,"column":53}},"locations":[{"start":{"line":201,"column":35},"end":{"line":201,"column":53}}]},"105":{"type":"branch","line":201,"loc":{"start":{"line":201,"column":53},"end":{"line":210,"column":13}},"locations":[{"start":{"line":201,"column":53},"end":{"line":210,"column":13}}]},"106":{"type":"branch","line":210,"loc":{"start":{"line":210,"column":6},"end":{"line":219,"column":7}},"locations":[{"start":{"line":210,"column":6},"end":{"line":219,"column":7}}]},"107":{"type":"branch","line":224,"loc":{"start":{"line":224,"column":2},"end":{"line":242,"column":3}},"locations":[{"start":{"line":224,"column":2},"end":{"line":242,"column":3}}]},"108":{"type":"branch","line":226,"loc":{"start":{"line":226,"column":48},"end":{"line":227,"column":33}},"locations":[{"start":{"line":226,"column":48},"end":{"line":227,"column":33}}]},"109":{"type":"branch","line":228,"loc":{"start":{"line":228,"column":6},"end":{"line":241,"column":5}},"locations":[{"start":{"line":228,"column":6},"end":{"line":241,"column":5}}]},"110":{"type":"branch","line":232,"loc":{"start":{"line":232,"column":22},"end":{"line":240,"column":7}},"locations":[{"start":{"line":232,"column":22},"end":{"line":240,"column":7}}]},"111":{"type":"branch","line":234,"loc":{"start":{"line":234,"column":56},"end":{"line":236,"column":9}},"locations":[{"start":{"line":234,"column":56},"end":{"line":236,"column":9}}]}},"b":{"0":[47],"1":[103],"2":[60],"3":[13],"4":[66],"5":[47],"6":[19],"7":[47],"8":[0],"9":[47],"10":[43],"11":[29],"12":[4],"13":[3],"14":[3],"15":[3],"16":[26],"17":[3],"18":[2],"19":[2],"20":[1],"21":[3],"22":[18],"23":[14],"24":[4],"25":[6],"26":[1],"27":[90],"28":[3311],"29":[707],"30":[220],"31":[2],"32":[487],"33":[220],"34":[216],"35":[96],"36":[124],"37":[6],"38":[0],"39":[118],"40":[9],"41":[4],"42":[28],"43":[24],"44":[0],"45":[114],"46":[0],"47":[594],"48":[373],"49":[221],"50":[58],"51":[163],"52":[151],"53":[96],"54":[55],"55":[12],"56":[1],"57":[1],"58":[474],"59":[329],"60":[145],"61":[144],"62":[68],"63":[77],"64":[23],"65":[4],"66":[54],"67":[52],"68":[1],"69":[0],"70":[2],"71":[0],"72":[73],"73":[8],"74":[65],"75":[8],"76":[5],"77":[3],"78":[0],"79":[1240],"80":[1226],"81":[63],"82":[1177],"83":[14],"84":[3],"85":[2],"86":[0],"87":[1],"88":[1174],"89":[3],"90":[0],"91":[3307],"92":[9],"93":[312],"94":[102],"95":[1],"96":[489],"97":[485],"98":[3],"99":[112],"100":[0],"101":[103],"102":[49],"103":[6],"104":[97],"105":[7],"106":[96],"107":[96],"108":[89],"109":[89],"110":[79],"111":[81]},"fnMap":{"0":{"name":"isDangerousAttribute","decl":{"start":{"line":22,"column":0},"end":{"line":28,"column":1}},"loc":{"start":{"line":22,"column":0},"end":{"line":28,"column":1}},"line":22},"1":{"name":"processAttributes","decl":{"start":{"line":38,"column":0},"end":{"line":105,"column":1}},"loc":{"start":{"line":38,"column":0},"end":{"line":105,"column":1}},"line":38},"2":{"name":"sanitize","decl":{"start":{"line":114,"column":7},"end":{"line":476,"column":1}},"loc":{"start":{"line":114,"column":7},"end":{"line":476,"column":1}},"line":114},"3":{"name":"emitText","decl":{"start":{"line":149,"column":2},"end":{"line":173,"column":3}},"loc":{"start":{"line":149,"column":2},"end":{"line":173,"column":3}},"line":149},"4":{"name":"handleStartTag","decl":{"start":{"line":176,"column":2},"end":{"line":221,"column":3}},"loc":{"start":{"line":176,"column":2},"end":{"line":221,"column":3}},"line":176},"5":{"name":"handleEndTag","decl":{"start":{"line":224,"column":2},"end":{"line":242,"column":3}},"loc":{"start":{"line":224,"column":2},"end":{"line":242,"column":3}},"line":224}},"f":{"0":47,"1":103,"2":90,"3":312,"4":112,"5":96}}
,"/Users/mattpopovich/unsane/src/utils/htmlEntities.ts": {"path":"/Users/mattpopovich/unsane/src/utils/htmlEntities.ts","all":false,"statementMap":{"5":{"start":{"line":6,"column":0},"end":{"line":6,"column":47}},"6":{"start":{"line":7,"column":0},"end":{"line":7,"column":12}},"7":{"start":{"line":8,"column":0},"end":{"line":8,"column":11}},"8":{"start":{"line":9,"column":0},"end":{"line":9,"column":10}},"9":{"start":{"line":10,"column":0},"end":{"line":10,"column":10}},"10":{"start":{"line":11,"column":0},"end":{"line":11,"column":12}},"11":{"start":{"line":12,"column":0},"end":{"line":12,"column":17}},"12":{"start":{"line":13,"column":0},"end":{"line":13,"column":2}},"14":{"start":{"line":15,"column":0},"end":{"line":15,"column":47}},"15":{"start":{"line":16,"column":0},"end":{"line":16,"column":14}},"16":{"start":{"line":17,"column":0},"end":{"line":17,"column":13}},"17":{"start":{"line":18,"column":0},"end":{"line":18,"column":12}},"18":{"start":{"line":19,"column":0},"end":{"line":19,"column":12}},"19":{"start":{"line":20,"column":0},"end":{"line":20,"column":14}},"20":{"start":{"line":21,"column":0},"end":{"line":21,"column":2}},"23":{"start":{"line":24,"column":0},"end":{"line":24,"column":33}},"28":{"start":{"line":29,"column":0},"end":{"line":29,"column":55}},"29":{"start":{"line":30,"column":0},"end":{"line":30,"column":61}},"30":{"start":{"line":31,"column":0},"end":{"line":31,"column":66}},"32":{"start":{"line":33,"column":0},"end":{"line":33,"column":27}},"33":{"start":{"line":34,"column":0},"end":{"line":34,"column":25}},"34":{"start":{"line":35,"column":0},"end":{"line":35,"column":31}},"35":{"start":{"line":36,"column":0},"end":{"line":36,"column":33}},"36":{"start":{"line":37,"column":0},"end":{"line":37,"column":34}},"37":{"start":{"line":38,"column":0},"end":{"line":38,"column":6}},"38":{"start":{"line":39,"column":0},"end":{"line":39,"column":3}},"40":{"start":{"line":41,"column":0},"end":{"line":41,"column":40}},"41":{"start":{"line":42,"column":0},"end":{"line":42,"column":1}},"60":{"start":{"line":61,"column":0},"end":{"line":61,"column":75}},"61":{"start":{"line":62,"column":0},"end":{"line":62,"column":23}},"63":{"start":{"line":64,"column":0},"end":{"line":64,"column":9}},"64":{"start":{"line":65,"column":0},"end":{"line":65,"column":31}},"65":{"start":{"line":66,"column":0},"end":{"line":66,"column":20}},"66":{"start":{"line":67,"column":0},"end":{"line":67,"column":29}},"67":{"start":{"line":68,"column":0},"end":{"line":68,"column":23}},"68":{"start":{"line":69,"column":0},"end":{"line":69,"column":14}},"71":{"start":{"line":72,"column":0},"end":{"line":72,"column":22}},"73":{"start":{"line":74,"column":0},"end":{"line":74,"column":19}},"75":{"start":{"line":76,"column":0},"end":{"line":76,"column":27}},"76":{"start":{"line":77,"column":0},"end":{"line":77,"column":32}},"78":{"start":{"line":79,"column":0},"end":{"line":79,"column":19}},"79":{"start":{"line":80,"column":0},"end":{"line":80,"column":10}},"81":{"start":{"line":82,"column":0},"end":{"line":82,"column":25}},"82":{"start":{"line":83,"column":0},"end":{"line":83,"column":3}},"84":{"start":{"line":85,"column":0},"end":{"line":85,"column":50}},"86":{"start":{"line":87,"column":0},"end":{"line":87,"column":79}},"89":{"start":{"line":90,"column":0},"end":{"line":90,"column":21}},"90":{"start":{"line":91,"column":0},"end":{"line":91,"column":21}},"91":{"start":{"line":92,"column":0},"end":{"line":92,"column":17}},"92":{"start":{"line":93,"column":0},"end":{"line":93,"column":26}},"93":{"start":{"line":94,"column":0},"end":{"line":94,"column":17}},"94":{"start":{"line":95,"column":0},"end":{"line":95,"column":26}},"95":{"start":{"line":96,"column":0},"end":{"line":96,"column":17}},"96":{"start":{"line":97,"column":0},"end":{"line":97,"column":25}},"97":{"start":{"line":98,"column":0},"end":{"line":98,"column":17}},"98":{"start":{"line":99,"column":0},"end":{"line":99,"column":24}},"99":{"start":{"line":100,"column":0},"end":{"line":100,"column":17}},"100":{"start":{"line":101,"column":0},"end":{"line":101,"column":24}},"101":{"start":{"line":102,"column":0},"end":{"line":102,"column":17}},"102":{"start":{"line":103,"column":0},"end":{"line":103,"column":26}},"103":{"start":{"line":104,"column":0},"end":{"line":104,"column":7}},"104":{"start":{"line":105,"column":0},"end":{"line":105,"column":5}},"107":{"start":{"line":108,"column":0},"end":{"line":108,"column":52}},"108":{"start":{"line":109,"column":0},"end":{"line":109,"column":40}},"109":{"start":{"line":110,"column":0},"end":{"line":110,"column":5}},"112":{"start":{"line":113,"column":0},"end":{"line":113,"column":41}},"113":{"start":{"line":114,"column":0},"end":{"line":114,"column":18}},"114":{"start":{"line":115,"column":0},"end":{"line":115,"column":25}},"115":{"start":{"line":116,"column":0},"end":{"line":116,"column":79}},"116":{"start":{"line":117,"column":0},"end":{"line":117,"column":5}},"117":{"start":{"line":118,"column":0},"end":{"line":118,"column":1}},"123":{"start":{"line":124,"column":0},"end":{"line":124,"column":46}},"124":{"start":{"line":125,"column":0},"end":{"line":125,"column":44}},"125":{"start":{"line":126,"column":0},"end":{"line":126,"column":1}},"131":{"start":{"line":132,"column":0},"end":{"line":132,"column":46}},"132":{"start":{"line":133,"column":0},"end":{"line":133,"column":23}},"135":{"start":{"line":136,"column":0},"end":{"line":136,"column":65}},"136":{"start":{"line":137,"column":0},"end":{"line":137,"column":28}},"138":{"start":{"line":139,"column":0},"end":{"line":139,"column":42}},"140":{"start":{"line":141,"column":0},"end":{"line":141,"column":11}},"141":{"start":{"line":142,"column":0},"end":{"line":142,"column":25}},"142":{"start":{"line":143,"column":0},"end":{"line":143,"column":48}},"143":{"start":{"line":144,"column":0},"end":{"line":144,"column":57}},"144":{"start":{"line":145,"column":0},"end":{"line":145,"column":62}},"147":{"start":{"line":148,"column":0},"end":{"line":148,"column":43}},"149":{"start":{"line":150,"column":0},"end":{"line":150,"column":44}},"154":{"start":{"line":155,"column":0},"end":{"line":155,"column":5}},"157":{"start":{"line":158,"column":0},"end":{"line":158,"column":42}},"158":{"start":{"line":159,"column":0},"end":{"line":159,"column":5}},"159":{"start":{"line":160,"column":0},"end":{"line":160,"column":1}}},"s":{"5":1,"6":1,"7":1,"8":1,"9":1,"10":1,"11":1,"12":1,"14":1,"15":1,"16":1,"17":1,"18":1,"19":1,"20":1,"23":1,"28":30,"29":30,"30":30,"32":30,"33":1,"34":1,"35":1,"36":1,"37":1,"38":1,"40":26,"41":26,"60":1,"61":43,"63":40,"64":40,"65":40,"66":40,"67":40,"68":40,"71":40,"73":43,"75":24,"76":43,"78":2,"79":16,"81":14,"82":14,"84":40,"86":100,"89":100,"90":51,"91":51,"92":8,"93":51,"94":4,"95":51,"96":22,"97":51,"98":8,"99":51,"100":7,"101":51,"102":2,"103":51,"104":51,"107":100,"108":14,"109":14,"112":35,"113":35,"114":8,"115":27,"116":40,"117":40,"123":1,"124":4,"125":4,"131":1,"132":136,"135":133,"136":50,"138":36,"140":36,"141":36,"142":36,"143":29,"144":7,"147":36,"149":30,"154":36,"157":50,"158":133,"159":133},"branchMap":{"0":{"type":"branch","line":29,"loc":{"start":{"line":29,"column":0},"end":{"line":42,"column":1}},"locations":[{"start":{"line":29,"column":0},"end":{"line":42,"column":1}}]},"1":{"type":"branch","line":30,"loc":{"start":{"line":30,"column":45},"end":{"line":30,"column":61}},"locations":[{"start":{"line":30,"column":45},"end":{"line":30,"column":61}}]},"2":{"type":"branch","line":30,"loc":{"start":{"line":30,"column":52},"end":{"line":31,"column":29}},"locations":[{"start":{"line":30,"column":52},"end":{"line":31,"column":29}}]},"3":{"type":"branch","line":31,"loc":{"start":{"line":31,"column":19},"end":{"line":31,"column":50}},"locations":[{"start":{"line":31,"column":19},"end":{"line":31,"column":50}}]},"4":{"type":"branch","line":31,"loc":{"start":{"line":31,"column":50},"end":{"line":31,"column":66}},"locations":[{"start":{"line":31,"column":50},"end":{"line":31,"column":66}}]},"5":{"type":"branch","line":31,"loc":{"start":{"line":31,"column":57},"end":{"line":33,"column":26}},"locations":[{"start":{"line":31,"column":57},"end":{"line":33,"column":26}}]},"6":{"type":"branch","line":33,"loc":{"start":{"line":33,"column":26},"end":{"line":39,"column":3}},"locations":[{"start":{"line":33,"column":26},"end":{"line":39,"column":3}}]},"7":{"type":"branch","line":39,"loc":{"start":{"line":39,"column":2},"end":{"line":42,"column":1}},"locations":[{"start":{"line":39,"column":2},"end":{"line":42,"column":1}}]},"8":{"type":"branch","line":61,"loc":{"start":{"line":61,"column":7},"end":{"line":118,"column":1}},"locations":[{"start":{"line":61,"column":7},"end":{"line":118,"column":1}}]},"9":{"type":"branch","line":62,"loc":{"start":{"line":62,"column":13},"end":{"line":62,"column":23}},"locations":[{"start":{"line":62,"column":13},"end":{"line":62,"column":23}}]},"10":{"type":"branch","line":62,"loc":{"start":{"line":62,"column":20},"end":{"line":74,"column":18}},"locations":[{"start":{"line":62,"column":20},"end":{"line":74,"column":18}}]},"11":{"type":"branch","line":74,"loc":{"start":{"line":74,"column":18},"end":{"line":77,"column":13}},"locations":[{"start":{"line":74,"column":18},"end":{"line":77,"column":13}}]},"12":{"type":"branch","line":77,"loc":{"start":{"line":77,"column":2},"end":{"line":83,"column":3}},"locations":[{"start":{"line":77,"column":2},"end":{"line":83,"column":3}}]},"13":{"type":"branch","line":77,"loc":{"start":{"line":77,"column":31},"end":{"line":80,"column":9}},"locations":[{"start":{"line":77,"column":31},"end":{"line":80,"column":9}}]},"14":{"type":"branch","line":80,"loc":{"start":{"line":80,"column":2},"end":{"line":83,"column":3}},"locations":[{"start":{"line":80,"column":2},"end":{"line":83,"column":3}}]},"15":{"type":"branch","line":83,"loc":{"start":{"line":83,"column":2},"end":{"line":118,"column":1}},"locations":[{"start":{"line":83,"column":2},"end":{"line":118,"column":1}}]},"16":{"type":"branch","line":85,"loc":{"start":{"line":85,"column":39},"end":{"line":117,"column":3}},"locations":[{"start":{"line":85,"column":39},"end":{"line":117,"column":3}}]},"17":{"type":"branch","line":87,"loc":{"start":{"line":87,"column":9},"end":{"line":87,"column":44}},"locations":[{"start":{"line":87,"column":9},"end":{"line":87,"column":44}}]},"18":{"type":"branch","line":87,"loc":{"start":{"line":87,"column":24},"end":{"line":87,"column":67}},"locations":[{"start":{"line":87,"column":24},"end":{"line":87,"column":67}}]},"19":{"type":"branch","line":87,"loc":{"start":{"line":87,"column":67},"end":{"line":87,"column":79}},"locations":[{"start":{"line":87,"column":67},"end":{"line":87,"column":79}}]},"20":{"type":"branch","line":90,"loc":{"start":{"line":90,"column":20},"end":{"line":105,"column":5}},"locations":[{"start":{"line":90,"column":20},"end":{"line":105,"column":5}}]},"21":{"type":"branch","line":92,"loc":{"start":{"line":92,"column":8},"end":{"line":93,"column":26}},"locations":[{"start":{"line":92,"column":8},"end":{"line":93,"column":26}}]},"22":{"type":"branch","line":94,"loc":{"start":{"line":94,"column":8},"end":{"line":95,"column":26}},"locations":[{"start":{"line":94,"column":8},"end":{"line":95,"column":26}}]},"23":{"type":"branch","line":96,"loc":{"start":{"line":96,"column":8},"end":{"line":97,"column":25}},"locations":[{"start":{"line":96,"column":8},"end":{"line":97,"column":25}}]},"24":{"type":"branch","line":98,"loc":{"start":{"line":98,"column":8},"end":{"line":99,"column":24}},"locations":[{"start":{"line":98,"column":8},"end":{"line":99,"column":24}}]},"25":{"type":"branch","line":100,"loc":{"start":{"line":100,"column":8},"end":{"line":101,"column":24}},"locations":[{"start":{"line":100,"column":8},"end":{"line":101,"column":24}}]},"26":{"type":"branch","line":102,"loc":{"start":{"line":102,"column":8},"end":{"line":103,"column":26}},"locations":[{"start":{"line":102,"column":8},"end":{"line":103,"column":26}}]},"27":{"type":"branch","line":105,"loc":{"start":{"line":105,"column":4},"end":{"line":108,"column":51}},"locations":[{"start":{"line":105,"column":4},"end":{"line":108,"column":51}}]},"28":{"type":"branch","line":105,"loc":{"start":{"line":105,"column":4},"end":{"line":108,"column":30}},"locations":[{"start":{"line":105,"column":4},"end":{"line":108,"column":30}}]},"29":{"type":"branch","line":108,"loc":{"start":{"line":108,"column":8},"end":{"line":108,"column":51}},"locations":[{"start":{"line":108,"column":8},"end":{"line":108,"column":51}}]},"30":{"type":"branch","line":108,"loc":{"start":{"line":108,"column":51},"end":{"line":115,"column":25}},"locations":[{"start":{"line":108,"column":51},"end":{"line":115,"column":25}}]},"31":{"type":"branch","line":108,"loc":{"start":{"line":108,"column":51},"end":{"line":110,"column":5}},"locations":[{"start":{"line":108,"column":51},"end":{"line":110,"column":5}}]},"32":{"type":"branch","line":110,"loc":{"start":{"line":110,"column":4},"end":{"line":114,"column":18}},"locations":[{"start":{"line":110,"column":4},"end":{"line":114,"column":18}}]},"33":{"type":"branch","line":114,"loc":{"start":{"line":114,"column":11},"end":{"line":115,"column":25}},"locations":[{"start":{"line":114,"column":11},"end":{"line":115,"column":25}}]},"34":{"type":"branch","line":115,"loc":{"start":{"line":115,"column":22},"end":{"line":116,"column":79}},"locations":[{"start":{"line":115,"column":22},"end":{"line":116,"column":79}}]},"35":{"type":"branch","line":124,"loc":{"start":{"line":124,"column":7},"end":{"line":126,"column":1}},"locations":[{"start":{"line":124,"column":7},"end":{"line":126,"column":1}}]},"36":{"type":"branch","line":132,"loc":{"start":{"line":132,"column":7},"end":{"line":160,"column":1}},"locations":[{"start":{"line":132,"column":7},"end":{"line":160,"column":1}}]},"37":{"type":"branch","line":133,"loc":{"start":{"line":133,"column":13},"end":{"line":133,"column":23}},"locations":[{"start":{"line":133,"column":13},"end":{"line":133,"column":23}}]},"38":{"type":"branch","line":133,"loc":{"start":{"line":133,"column":20},"end":{"line":160,"column":1}},"locations":[{"start":{"line":133,"column":20},"end":{"line":160,"column":1}}]},"39":{"type":"branch","line":136,"loc":{"start":{"line":136,"column":45},"end":{"line":159,"column":3}},"locations":[{"start":{"line":136,"column":45},"end":{"line":159,"column":3}}]},"40":{"type":"branch","line":137,"loc":{"start":{"line":137,"column":27},"end":{"line":155,"column":5}},"locations":[{"start":{"line":137,"column":27},"end":{"line":155,"column":5}}]},"41":{"type":"branch","line":139,"loc":{"start":{"line":139,"column":29},"end":{"line":139,"column":42}},"locations":[{"start":{"line":139,"column":29},"end":{"line":139,"column":42}}]},"42":{"type":"branch","line":143,"loc":{"start":{"line":143,"column":24},"end":{"line":143,"column":48}},"locations":[{"start":{"line":143,"column":24},"end":{"line":143,"column":48}}]},"43":{"type":"branch","line":143,"loc":{"start":{"line":143,"column":45},"end":{"line":144,"column":57}},"locations":[{"start":{"line":143,"column":45},"end":{"line":144,"column":57}}]},"44":{"type":"branch","line":144,"loc":{"start":{"line":144,"column":42},"end":{"line":145,"column":62}},"locations":[{"start":{"line":144,"column":42},"end":{"line":145,"column":62}}]},"45":{"type":"branch","line":148,"loc":{"start":{"line":148,"column":30},"end":{"line":148,"column":43}},"locations":[{"start":{"line":148,"column":30},"end":{"line":148,"column":43}}]},"46":{"type":"branch","line":148,"loc":{"start":{"line":148,"column":37},"end":{"line":151,"column":36}},"locations":[{"start":{"line":148,"column":37},"end":{"line":151,"column":36}}]},"47":{"type":"branch","line":151,"loc":{"start":{"line":151,"column":6},"end":{"line":154,"column":7}},"locations":[{"start":{"line":151,"column":6},"end":{"line":154,"column":7}}]},"48":{"type":"branch","line":155,"loc":{"start":{"line":155,"column":4},"end":{"line":158,"column":36}},"locations":[{"start":{"line":155,"column":4},"end":{"line":158,"column":36}}]},"49":{"type":"branch","line":158,"loc":{"start":{"line":158,"column":31},"end":{"line":158,"column":42}},"locations":[{"start":{"line":158,"column":31},"end":{"line":158,"column":42}}]}},"b":{"0":[30],"1":[1],"2":[29],"3":[3],"4":[2],"5":[27],"6":[1],"7":[26],"8":[43],"9":[3],"10":[40],"11":[24],"12":[16],"13":[2],"14":[14],"15":[40],"16":[100],"17":[49],"18":[30],"19":[0],"20":[51],"21":[8],"22":[4],"23":[22],"24":[8],"25":[7],"26":[2],"27":[81],"28":[49],"29":[14],"30":[81],"31":[14],"32":[35],"33":[8],"34":[27],"35":[4],"36":[136],"37":[3],"38":[133],"39":[50],"40":[36],"41":[0],"42":[8],"43":[29],"44":[7],"45":[6],"46":[30],"47":[1],"48":[14],"49":[3]},"fnMap":{"0":{"name":"codePointToString","decl":{"start":{"line":29,"column":0},"end":{"line":42,"column":1}},"loc":{"start":{"line":29,"column":0},"end":{"line":42,"column":1}},"line":29},"1":{"name":"encode","decl":{"start":{"line":61,"column":7},"end":{"line":118,"column":1}},"loc":{"start":{"line":61,"column":7},"end":{"line":118,"column":1}},"line":61},"2":{"name":"escape","decl":{"start":{"line":124,"column":7},"end":{"line":126,"column":1}},"loc":{"start":{"line":124,"column":7},"end":{"line":126,"column":1}},"line":124},"3":{"name":"decode","decl":{"start":{"line":132,"column":7},"end":{"line":160,"column":1}},"loc":{"start":{"line":132,"column":7},"end":{"line":160,"column":1}},"line":132}},"f":{"0":30,"1":43,"2":4,"3":136}}
,"/Users/mattpopovich/unsane/src/utils/securityUtils.ts": {"path":"/Users/mattpopovich/unsane/src/utils/securityUtils.ts","all":false,"statementMap":{"13":{"start":{"line":14,"column":0},"end":{"line":14,"column":42}},"14":{"start":{"line":15,"column":0},"end":{"line":15,"column":10}},"15":{"start":{"line":16,"column":0},"end":{"line":16,"column":11}},"16":{"start":{"line":17,"column":0},"end":{"line":17,"column":12}},"17":{"start":{"line":18,"column":0},"end":{"line":18,"column":9}},"18":{"start":{"line":19,"column":0},"end":{"line":19,"column":9}},"19":{"start":{"line":20,"column":0},"end":{"line":20,"column":9}},"20":{"start":{"line":21,"column":0},"end":{"line":21,"column":3}},"23":{"start":{"line":24,"column":0},"end":{"line":24,"column":34}},"25":{"start":{"line":26,"column":0},"end":{"line":26,"column":15}},"26":{"start":{"line":27,"column":0},"end":{"line":27,"column":10}},"27":{"start":{"line":28,"column":0},"end":{"line":28,"column":16}},"28":{"start":{"line":29,"column":0},"end":{"line":29,"column":16}},"29":{"start":{"line":30,"column":0},"end":{"line":30,"column":17}},"32":{"start":{"line":33,"column":0},"end":{"line":33,"column":11}},"33":{"start":{"line":34,"column":0},"end":{"line":34,"column":13}},"34":{"start":{"line":35,"column":0},"end":{"line":35,"column":12}},"35":{"start":{"line":36,"column":0},"end":{"line":36,"column":14}},"36":{"start":{"line":37,"column":0},"end":{"line":37,"column":12}},"39":{"start":{"line":40,"column":0},"end":{"line":40,"column":13}},"40":{"start":{"line":41,"column":0},"end":{"line":41,"column":13}},"41":{"start":{"line":42,"column":0},"end":{"line":42,"column":12}},"42":{"start":{"line":43,"column":0},"end":{"line":43,"column":17}},"43":{"start":{"line":44,"column":0},"end":{"line":44,"column":2}},"52":{"start":{"line":53,"column":0},"end":{"line":53,"column":66}},"53":{"start":{"line":54,"column":0},"end":{"line":54,"column":27}},"56":{"start":{"line":57,"column":0},"end":{"line":57,"column":6}},"57":{"start":{"line":58,"column":0},"end":{"line":58,"column":32}},"58":{"start":{"line":59,"column":0},"end":{"line":59,"column":56}},"60":{"start":{"line":61,"column":0},"end":{"line":61,"column":36}},"61":{"start":{"line":62,"column":0},"end":{"line":62,"column":38}},"62":{"start":{"line":63,"column":0},"end":{"line":63,"column":60}},"63":{"start":{"line":64,"column":0},"end":{"line":64,"column":9}},"65":{"start":{"line":66,"column":0},"end":{"line":66,"column":76}},"66":{"start":{"line":67,"column":0},"end":{"line":67,"column":72}},"67":{"start":{"line":68,"column":0},"end":{"line":68,"column":77}},"68":{"start":{"line":69,"column":0},"end":{"line":69,"column":5}},"69":{"start":{"line":70,"column":0},"end":{"line":70,"column":16}},"70":{"start":{"line":71,"column":0},"end":{"line":71,"column":3}},"73":{"start":{"line":74,"column":0},"end":{"line":74,"column":61}},"76":{"start":{"line":77,"column":0},"end":{"line":77,"column":62}},"77":{"start":{"line":78,"column":0},"end":{"line":78,"column":22}},"78":{"start":{"line":79,"column":0},"end":{"line":79,"column":58}},"80":{"start":{"line":81,"column":0},"end":{"line":81,"column":43}},"81":{"start":{"line":82,"column":0},"end":{"line":82,"column":18}},"82":{"start":{"line":83,"column":0},"end":{"line":83,"column":5}},"83":{"start":{"line":84,"column":0},"end":{"line":84,"column":3}},"86":{"start":{"line":87,"column":0},"end":{"line":87,"column":44}},"87":{"start":{"line":88,"column":0},"end":{"line":88,"column":39}},"88":{"start":{"line":89,"column":0},"end":{"line":89,"column":18}},"89":{"start":{"line":90,"column":0},"end":{"line":90,"column":5}},"90":{"start":{"line":91,"column":0},"end":{"line":91,"column":3}},"92":{"start":{"line":93,"column":0},"end":{"line":93,"column":15}},"93":{"start":{"line":94,"column":0},"end":{"line":94,"column":1}},"102":{"start":{"line":103,"column":0},"end":{"line":103,"column":36}},"103":{"start":{"line":104,"column":0},"end":{"line":104,"column":15}},"104":{"start":{"line":105,"column":0},"end":{"line":105,"column":55}},"105":{"start":{"line":106,"column":0},"end":{"line":106,"column":11}},"106":{"start":{"line":107,"column":0},"end":{"line":107,"column":23}},"109":{"start":{"line":110,"column":0},"end":{"line":110,"column":26}},"110":{"start":{"line":111,"column":0},"end":{"line":111,"column":80}},"113":{"start":{"line":114,"column":0},"end":{"line":114,"column":51}},"115":{"start":{"line":116,"column":0},"end":{"line":116,"column":50}},"116":{"start":{"line":117,"column":0},"end":{"line":117,"column":48}},"117":{"start":{"line":118,"column":0},"end":{"line":118,"column":4}},"118":{"start":{"line":119,"column":0},"end":{"line":119,"column":1}}},"s":{"13":1,"14":1,"15":1,"16":1,"17":1,"18":1,"19":1,"20":1,"23":1,"25":1,"26":1,"27":1,"28":1,"29":1,"32":1,"33":1,"34":1,"35":1,"36":1,"39":1,"40":1,"41":1,"42":1,"43":1,"52":1,"53":107,"56":104,"57":104,"58":103,"60":101,"61":1540,"62":1540,"63":101,"65":96,"66":93,"67":92,"68":107,"69":13,"70":13,"73":91,"76":91,"77":107,"78":38,"80":38,"81":23,"82":23,"83":38,"86":107,"87":643,"88":43,"89":43,"90":643,"92":25,"93":25,"102":1,"103":113,"104":113,"105":113,"106":113,"109":110,"110":110,"113":113,"115":113,"116":14,"117":113,"118":113},"branchMap":{"0":{"type":"branch","line":53,"loc":{"start":{"line":53,"column":7},"end":{"line":94,"column":1}},"locations":[{"start":{"line":53,"column":7},"end":{"line":94,"column":1}}]},"1":{"type":"branch","line":54,"loc":{"start":{"line":54,"column":14},"end":{"line":54,"column":27}},"locations":[{"start":{"line":54,"column":14},"end":{"line":54,"column":27}}]},"2":{"type":"branch","line":54,"loc":{"start":{"line":54,"column":21},"end":{"line":58,"column":32}},"locations":[{"start":{"line":54,"column":21},"end":{"line":58,"column":32}}]},"3":{"type":"branch","line":58,"loc":{"start":{"line":58,"column":28},"end":{"line":59,"column":56}},"locations":[{"start":{"line":58,"column":28},"end":{"line":59,"column":56}}]},"4":{"type":"branch","line":59,"loc":{"start":{"line":59,"column":27},"end":{"line":64,"column":9}},"locations":[{"start":{"line":59,"column":27},"end":{"line":64,"column":9}}]},"5":{"type":"branch","line":64,"loc":{"start":{"line":64,"column":5},"end":{"line":66,"column":76}},"locations":[{"start":{"line":64,"column":5},"end":{"line":66,"column":76}}]},"6":{"type":"branch","line":66,"loc":{"start":{"line":66,"column":47},"end":{"line":67,"column":72}},"locations":[{"start":{"line":66,"column":47},"end":{"line":67,"column":72}}]},"7":{"type":"branch","line":67,"loc":{"start":{"line":67,"column":47},"end":{"line":68,"column":77}},"locations":[{"start":{"line":67,"column":47},"end":{"line":68,"column":77}}]},"8":{"type":"branch","line":69,"loc":{"start":{"line":69,"column":4},"end":{"line":71,"column":3}},"locations":[{"start":{"line":69,"column":4},"end":{"line":71,"column":3}}]},"9":{"type":"branch","line":71,"loc":{"start":{"line":71,"column":2},"end":{"line":78,"column":21}},"locations":[{"start":{"line":71,"column":2},"end":{"line":78,"column":21}}]},"10":{"type":"branch","line":78,"loc":{"start":{"line":78,"column":21},"end":{"line":84,"column":3}},"locations":[{"start":{"line":78,"column":21},"end":{"line":84,"column":3}}]},"11":{"type":"branch","line":81,"loc":{"start":{"line":81,"column":42},"end":{"line":83,"column":5}},"locations":[{"start":{"line":81,"column":42},"end":{"line":83,"column":5}}]},"12":{"type":"branch","line":84,"loc":{"start":{"line":84,"column":2},"end":{"line":87,"column":43}},"locations":[{"start":{"line":84,"column":2},"end":{"line":87,"column":43}}]},"13":{"type":"branch","line":87,"loc":{"start":{"line":87,"column":43},"end":{"line":91,"column":3}},"locations":[{"start":{"line":87,"column":43},"end":{"line":91,"column":3}}]},"14":{"type":"branch","line":88,"loc":{"start":{"line":88,"column":38},"end":{"line":90,"column":5}},"locations":[{"start":{"line":88,"column":38},"end":{"line":90,"column":5}}]},"15":{"type":"branch","line":91,"loc":{"start":{"line":91,"column":2},"end":{"line":94,"column":1}},"locations":[{"start":{"line":91,"column":2},"end":{"line":94,"column":1}}]},"16":{"type":"branch","line":61,"loc":{"start":{"line":61,"column":25},"end":{"line":64,"column":5}},"locations":[{"start":{"line":61,"column":25},"end":{"line":64,"column":5}}]},"17":{"type":"branch","line":63,"loc":{"start":{"line":63,"column":21},"end":{"line":63,"column":60}},"locations":[{"start":{"line":63,"column":21},"end":{"line":63,"column":60}}]},"18":{"type":"branch","line":63,"loc":{"start":{"line":63,"column":38},"end":{"line":63,"column":60}},"locations":[{"start":{"line":63,"column":38},"end":{"line":63,"column":60}}]},"19":{"type":"branch","line":103,"loc":{"start":{"line":103,"column":7},"end":{"line":119,"column":1}},"locations":[{"start":{"line":103,"column":7},"end":{"line":119,"column":1}}]},"20":{"type":"branch","line":107,"loc":{"start":{"line":107,"column":13},"end":{"line":107,"column":23}},"locations":[{"start":{"line":107,"column":13},"end":{"line":107,"column":23}}]},"21":{"type":"branch","line":107,"loc":{"start":{"line":107,"column":20},"end":{"line":114,"column":33}},"locations":[{"start":{"line":107,"column":20},"end":{"line":114,"column":33}}]},"22":{"type":"branch","line":114,"loc":{"start":{"line":114,"column":18},"end":{"line":114,"column":51}},"locations":[{"start":{"line":114,"column":18},"end":{"line":114,"column":51}}]},"23":{"type":"branch","line":114,"loc":{"start":{"line":114,"column":33},"end":{"line":114,"column":51}},"locations":[{"start":{"line":114,"column":33},"end":{"line":114,"column":51}}]},"24":{"type":"branch","line":116,"loc":{"start":{"line":116,"column":40},"end":{"line":117,"column":48}},"locations":[{"start":{"line":116,"column":40},"end":{"line":117,"column":48}}]}},"b":{"0":[107],"1":[3],"2":[104],"3":[103],"4":[101],"5":[96],"6":[93],"7":[92],"8":[13],"9":[91],"10":[38],"11":[23],"12":[68],"13":[643],"14":[43],"15":[25],"16":[1540],"17":[1537],"18":[7],"19":[113],"20":[3],"21":[110],"22":[3],"23":[7],"24":[14]},"fnMap":{"0":{"name":"containsDangerousContent","decl":{"start":{"line":53,"column":7},"end":{"line":94,"column":1}},"loc":{"start":{"line":53,"column":7},"end":{"line":94,"column":1}},"line":53},"1":{"name":"sanitizeTextContent","decl":{"start":{"line":103,"column":7},"end":{"line":119,"column":1}},"loc":{"start":{"line":103,"column":7},"end":{"line":119,"column":1}},"line":103},"2":{"name":"encoder","decl":{"start":{"line":114,"column":33},"end":{"line":114,"column":51}},"loc":{"start":{"line":114,"column":33},"end":{"line":114,"column":51}},"line":114}},"f":{"0":107,"1":113,"2":7}}
}
