{"/Users/mattpopovich/unsane/src/index.ts": {"path":"/Users/mattpopovich/unsane/src/index.ts","all":false,"statementMap":{"10":{"start":{"line":11,"column":0},"end":{"line":11,"column":53}},"11":{"start":{"line":12,"column":0},"end":{"line":12,"column":62}}},"s":{"10":1,"11":1},"branchMap":{},"b":{},"fnMap":{},"f":{}}
,"/Users/mattpopovich/unsane/src/sanitizer/config.ts": {"path":"/Users/mattpopovich/unsane/src/sanitizer/config.ts","all":false,"statementMap":{"9":{"start":{"line":10,"column":0},"end":{"line":10,"column":60}},"11":{"start":{"line":12,"column":0},"end":{"line":12,"column":16}},"13":{"start":{"line":14,"column":0},"end":{"line":14,"column":39}},"16":{"start":{"line":17,"column":0},"end":{"line":17,"column":50}},"19":{"start":{"line":20,"column":0},"end":{"line":20,"column":15}},"22":{"start":{"line":23,"column":0},"end":{"line":23,"column":22}},"25":{"start":{"line":26,"column":0},"end":{"line":26,"column":31}},"28":{"start":{"line":29,"column":0},"end":{"line":29,"column":43}},"29":{"start":{"line":30,"column":0},"end":{"line":30,"column":4}},"32":{"start":{"line":33,"column":0},"end":{"line":33,"column":22}},"34":{"start":{"line":35,"column":0},"end":{"line":35,"column":33}},"37":{"start":{"line":38,"column":0},"end":{"line":38,"column":43}},"40":{"start":{"line":41,"column":0},"end":{"line":41,"column":24}},"41":{"start":{"line":42,"column":0},"end":{"line":42,"column":4}},"44":{"start":{"line":45,"column":0},"end":{"line":45,"column":2}}},"s":{"9":1,"11":1,"13":1,"16":1,"19":1,"22":1,"25":1,"28":1,"29":1,"32":1,"34":1,"37":1,"40":1,"41":1,"44":1},"branchMap":{},"b":{},"fnMap":{},"f":{}}
,"/Users/mattpopovich/unsane/src/sanitizer/htmlSanitizer.ts": {"path":"/Users/mattpopovich/unsane/src/sanitizer/htmlSanitizer.ts","all":false,"statementMap":{"6":{"start":{"line":7,"column":0},"end":{"line":7,"column":43}},"8":{"start":{"line":9,"column":0},"end":{"line":9,"column":55}},"9":{"start":{"line":10,"column":0},"end":{"line":10,"column":8}},"15":{"start":{"line":16,"column":0},"end":{"line":16,"column":31}},"16":{"start":{"line":17,"column":0},"end":{"line":17,"column":9}},"17":{"start":{"line":18,"column":0},"end":{"line":18,"column":9}},"18":{"start":{"line":19,"column":0},"end":{"line":19,"column":7}},"19":{"start":{"line":20,"column":0},"end":{"line":20,"column":8}},"20":{"start":{"line":21,"column":0},"end":{"line":21,"column":10}},"21":{"start":{"line":22,"column":0},"end":{"line":22,"column":7}},"22":{"start":{"line":23,"column":0},"end":{"line":23,"column":8}},"23":{"start":{"line":24,"column":0},"end":{"line":24,"column":10}},"24":{"start":{"line":25,"column":0},"end":{"line":25,"column":9}},"25":{"start":{"line":26,"column":0},"end":{"line":26,"column":9}},"26":{"start":{"line":27,"column":0},"end":{"line":27,"column":10}},"27":{"start":{"line":28,"column":0},"end":{"line":28,"column":11}},"28":{"start":{"line":29,"column":0},"end":{"line":29,"column":10}},"29":{"start":{"line":30,"column":0},"end":{"line":30,"column":8}},"30":{"start":{"line":31,"column":0},"end":{"line":31,"column":3}},"33":{"start":{"line":34,"column":0},"end":{"line":34,"column":54}},"34":{"start":{"line":35,"column":0},"end":{"line":35,"column":10}},"35":{"start":{"line":36,"column":0},"end":{"line":36,"column":28}},"36":{"start":{"line":37,"column":0},"end":{"line":37,"column":23}},"37":{"start":{"line":38,"column":0},"end":{"line":38,"column":28}},"38":{"start":{"line":39,"column":0},"end":{"line":39,"column":28}},"39":{"start":{"line":40,"column":0},"end":{"line":40,"column":21}},"41":{"start":{"line":42,"column":0},"end":{"line":42,"column":1}},"51":{"start":{"line":52,"column":0},"end":{"line":52,"column":27}},"52":{"start":{"line":53,"column":0},"end":{"line":53,"column":33}},"53":{"start":{"line":54,"column":0},"end":{"line":54,"column":18}},"54":{"start":{"line":55,"column":0},"end":{"line":55,"column":48}},"55":{"start":{"line":56,"column":0},"end":{"line":56,"column":11}},"57":{"start":{"line":58,"column":0},"end":{"line":58,"column":62}},"60":{"start":{"line":61,"column":0},"end":{"line":61,"column":54}},"63":{"start":{"line":64,"column":0},"end":{"line":64,"column":60}},"65":{"start":{"line":66,"column":0},"end":{"line":66,"column":18}},"68":{"start":{"line":69,"column":0},"end":{"line":69,"column":38}},"69":{"start":{"line":70,"column":0},"end":{"line":70,"column":41}},"72":{"start":{"line":73,"column":0},"end":{"line":73,"column":79}},"73":{"start":{"line":74,"column":0},"end":{"line":74,"column":15}},"74":{"start":{"line":75,"column":0},"end":{"line":75,"column":5}},"77":{"start":{"line":78,"column":0},"end":{"line":78,"column":51}},"79":{"start":{"line":80,"column":0},"end":{"line":80,"column":10}},"80":{"start":{"line":81,"column":0},"end":{"line":81,"column":31}},"81":{"start":{"line":82,"column":0},"end":{"line":82,"column":30}},"82":{"start":{"line":83,"column":0},"end":{"line":83,"column":33}},"83":{"start":{"line":84,"column":0},"end":{"line":84,"column":37}},"84":{"start":{"line":85,"column":0},"end":{"line":85,"column":34}},"85":{"start":{"line":86,"column":0},"end":{"line":86,"column":9}},"86":{"start":{"line":87,"column":0},"end":{"line":87,"column":17}},"87":{"start":{"line":88,"column":0},"end":{"line":88,"column":7}},"91":{"start":{"line":92,"column":0},"end":{"line":92,"column":10}},"92":{"start":{"line":93,"column":0},"end":{"line":93,"column":53}},"93":{"start":{"line":94,"column":0},"end":{"line":94,"column":49}},"94":{"start":{"line":95,"column":0},"end":{"line":95,"column":48}},"95":{"start":{"line":96,"column":0},"end":{"line":96,"column":40}},"96":{"start":{"line":97,"column":0},"end":{"line":97,"column":42}},"97":{"start":{"line":98,"column":0},"end":{"line":98,"column":68}},"98":{"start":{"line":99,"column":0},"end":{"line":99,"column":10}},"99":{"start":{"line":100,"column":0},"end":{"line":100,"column":9}},"100":{"start":{"line":101,"column":0},"end":{"line":101,"column":17}},"101":{"start":{"line":102,"column":0},"end":{"line":102,"column":7}},"102":{"start":{"line":103,"column":0},"end":{"line":103,"column":5}},"105":{"start":{"line":106,"column":0},"end":{"line":106,"column":16}},"106":{"start":{"line":107,"column":0},"end":{"line":107,"column":73}},"107":{"start":{"line":108,"column":0},"end":{"line":108,"column":12}},"108":{"start":{"line":109,"column":0},"end":{"line":109,"column":32}},"109":{"start":{"line":110,"column":0},"end":{"line":110,"column":5}},"110":{"start":{"line":111,"column":0},"end":{"line":111,"column":3}},"112":{"start":{"line":113,"column":0},"end":{"line":113,"column":16}},"113":{"start":{"line":114,"column":0},"end":{"line":114,"column":1}},"122":{"start":{"line":123,"column":0},"end":{"line":123,"column":76}},"124":{"start":{"line":125,"column":0},"end":{"line":125,"column":59}},"127":{"start":{"line":128,"column":0},"end":{"line":128,"column":29}},"130":{"start":{"line":131,"column":0},"end":{"line":131,"column":18}},"133":{"start":{"line":134,"column":0},"end":{"line":134,"column":19}},"134":{"start":{"line":135,"column":0},"end":{"line":135,"column":22}},"137":{"start":{"line":138,"column":0},"end":{"line":138,"column":17}},"138":{"start":{"line":139,"column":0},"end":{"line":139,"column":12}},"139":{"start":{"line":140,"column":0},"end":{"line":140,"column":17}},"140":{"start":{"line":141,"column":0},"end":{"line":141,"column":16}},"141":{"start":{"line":142,"column":0},"end":{"line":142,"column":15}},"142":{"start":{"line":143,"column":0},"end":{"line":143,"column":17}},"143":{"start":{"line":144,"column":0},"end":{"line":144,"column":24}},"144":{"start":{"line":145,"column":0},"end":{"line":145,"column":18}},"145":{"start":{"line":146,"column":0},"end":{"line":146,"column":4}},"147":{"start":{"line":148,"column":0},"end":{"line":148,"column":25}},"148":{"start":{"line":149,"column":0},"end":{"line":149,"column":25}},"149":{"start":{"line":150,"column":0},"end":{"line":150,"column":26}},"150":{"start":{"line":151,"column":0},"end":{"line":151,"column":27}},"151":{"start":{"line":152,"column":0},"end":{"line":152,"column":27}},"152":{"start":{"line":153,"column":0},"end":{"line":153,"column":19}},"153":{"start":{"line":154,"column":0},"end":{"line":154,"column":49}},"154":{"start":{"line":155,"column":0},"end":{"line":155,"column":28}},"157":{"start":{"line":158,"column":0},"end":{"line":158,"column":23}},"158":{"start":{"line":159,"column":0},"end":{"line":159,"column":21}},"160":{"start":{"line":161,"column":0},"end":{"line":161,"column":30}},"163":{"start":{"line":164,"column":0},"end":{"line":164,"column":46}},"165":{"start":{"line":166,"column":0},"end":{"line":166,"column":30}},"166":{"start":{"line":167,"column":0},"end":{"line":167,"column":20}},"167":{"start":{"line":168,"column":0},"end":{"line":168,"column":29}},"168":{"start":{"line":169,"column":0},"end":{"line":169,"column":44}},"169":{"start":{"line":170,"column":0},"end":{"line":170,"column":69}},"170":{"start":{"line":171,"column":0},"end":{"line":171,"column":12}},"171":{"start":{"line":172,"column":0},"end":{"line":172,"column":20}},"175":{"start":{"line":176,"column":0},"end":{"line":176,"column":42}},"176":{"start":{"line":177,"column":0},"end":{"line":177,"column":55}},"177":{"start":{"line":178,"column":0},"end":{"line":178,"column":7}},"179":{"start":{"line":180,"column":0},"end":{"line":180,"column":22}},"180":{"start":{"line":181,"column":0},"end":{"line":181,"column":5}},"181":{"start":{"line":182,"column":0},"end":{"line":182,"column":3}},"184":{"start":{"line":185,"column":0},"end":{"line":185,"column":26}},"185":{"start":{"line":186,"column":0},"end":{"line":186,"column":20}},"186":{"start":{"line":187,"column":0},"end":{"line":187,"column":35}},"187":{"start":{"line":188,"column":0},"end":{"line":188,"column":24}},"188":{"start":{"line":189,"column":0},"end":{"line":189,"column":5}},"190":{"start":{"line":191,"column":0},"end":{"line":191,"column":31}},"191":{"start":{"line":192,"column":0},"end":{"line":192,"column":13}},"192":{"start":{"line":193,"column":0},"end":{"line":193,"column":5}},"194":{"start":{"line":195,"column":0},"end":{"line":195,"column":54}},"196":{"start":{"line":197,"column":0},"end":{"line":197,"column":53}},"197":{"start":{"line":198,"column":0},"end":{"line":198,"column":46}},"200":{"start":{"line":201,"column":0},"end":{"line":201,"column":58}},"201":{"start":{"line":202,"column":0},"end":{"line":202,"column":37}},"202":{"start":{"line":203,"column":0},"end":{"line":203,"column":9}},"205":{"start":{"line":206,"column":0},"end":{"line":206,"column":29}},"206":{"start":{"line":207,"column":0},"end":{"line":207,"column":7}},"209":{"start":{"line":210,"column":0},"end":{"line":210,"column":54}},"210":{"start":{"line":211,"column":0},"end":{"line":211,"column":43}},"211":{"start":{"line":212,"column":0},"end":{"line":212,"column":16}},"212":{"start":{"line":213,"column":0},"end":{"line":213,"column":18}},"213":{"start":{"line":214,"column":0},"end":{"line":214,"column":41}},"214":{"start":{"line":215,"column":0},"end":{"line":215,"column":10}},"217":{"start":{"line":218,"column":0},"end":{"line":218,"column":46}},"218":{"start":{"line":219,"column":0},"end":{"line":219,"column":14}},"220":{"start":{"line":221,"column":0},"end":{"line":221,"column":28}},"221":{"start":{"line":222,"column":0},"end":{"line":222,"column":43}},"222":{"start":{"line":223,"column":0},"end":{"line":223,"column":16}},"223":{"start":{"line":224,"column":0},"end":{"line":224,"column":18}},"224":{"start":{"line":225,"column":0},"end":{"line":225,"column":41}},"225":{"start":{"line":226,"column":0},"end":{"line":226,"column":10}},"226":{"start":{"line":227,"column":0},"end":{"line":227,"column":44}},"227":{"start":{"line":228,"column":0},"end":{"line":228,"column":7}},"228":{"start":{"line":229,"column":0},"end":{"line":229,"column":5}},"229":{"start":{"line":230,"column":0},"end":{"line":230,"column":3}},"232":{"start":{"line":233,"column":0},"end":{"line":233,"column":42}},"233":{"start":{"line":234,"column":0},"end":{"line":234,"column":8}},"234":{"start":{"line":235,"column":0},"end":{"line":235,"column":52}},"235":{"start":{"line":236,"column":0},"end":{"line":236,"column":33}},"236":{"start":{"line":237,"column":0},"end":{"line":237,"column":7}},"238":{"start":{"line":239,"column":0},"end":{"line":239,"column":47}},"240":{"start":{"line":241,"column":0},"end":{"line":241,"column":23}},"242":{"start":{"line":243,"column":0},"end":{"line":243,"column":57}},"243":{"start":{"line":244,"column":0},"end":{"line":244,"column":37}},"244":{"start":{"line":245,"column":0},"end":{"line":245,"column":9}},"247":{"start":{"line":248,"column":0},"end":{"line":248,"column":28}},"248":{"start":{"line":249,"column":0},"end":{"line":249,"column":7}},"249":{"start":{"line":250,"column":0},"end":{"line":250,"column":5}},"250":{"start":{"line":251,"column":0},"end":{"line":251,"column":3}},"253":{"start":{"line":254,"column":0},"end":{"line":254,"column":34}},"254":{"start":{"line":255,"column":0},"end":{"line":255,"column":32}},"256":{"start":{"line":257,"column":0},"end":{"line":257,"column":20}},"257":{"start":{"line":258,"column":0},"end":{"line":258,"column":22}},"258":{"start":{"line":259,"column":0},"end":{"line":259,"column":27}},"259":{"start":{"line":260,"column":0},"end":{"line":260,"column":21}},"262":{"start":{"line":263,"column":0},"end":{"line":263,"column":43}},"264":{"start":{"line":265,"column":0},"end":{"line":265,"column":29}},"265":{"start":{"line":266,"column":0},"end":{"line":266,"column":23}},"266":{"start":{"line":267,"column":0},"end":{"line":267,"column":44}},"267":{"start":{"line":268,"column":0},"end":{"line":268,"column":11}},"269":{"start":{"line":270,"column":0},"end":{"line":270,"column":34}},"270":{"start":{"line":271,"column":0},"end":{"line":271,"column":16}},"271":{"start":{"line":272,"column":0},"end":{"line":272,"column":29}},"272":{"start":{"line":273,"column":0},"end":{"line":273,"column":9}},"273":{"start":{"line":274,"column":0},"end":{"line":274,"column":14}},"275":{"start":{"line":276,"column":0},"end":{"line":276,"column":27}},"276":{"start":{"line":277,"column":0},"end":{"line":277,"column":27}},"277":{"start":{"line":278,"column":0},"end":{"line":278,"column":30}},"278":{"start":{"line":279,"column":0},"end":{"line":279,"column":33}},"279":{"start":{"line":280,"column":0},"end":{"line":280,"column":34}},"281":{"start":{"line":282,"column":0},"end":{"line":282,"column":54}},"282":{"start":{"line":283,"column":0},"end":{"line":283,"column":31}},"283":{"start":{"line":284,"column":0},"end":{"line":284,"column":69}},"284":{"start":{"line":285,"column":0},"end":{"line":285,"column":18}},"285":{"start":{"line":286,"column":0},"end":{"line":286,"column":39}},"286":{"start":{"line":287,"column":0},"end":{"line":287,"column":11}},"287":{"start":{"line":288,"column":0},"end":{"line":288,"column":29}},"288":{"start":{"line":289,"column":0},"end":{"line":289,"column":43}},"289":{"start":{"line":290,"column":0},"end":{"line":290,"column":45}},"292":{"start":{"line":293,"column":0},"end":{"line":293,"column":14}},"293":{"start":{"line":294,"column":0},"end":{"line":294,"column":28}},"294":{"start":{"line":295,"column":0},"end":{"line":295,"column":36}},"295":{"start":{"line":296,"column":0},"end":{"line":296,"column":73}},"296":{"start":{"line":297,"column":0},"end":{"line":297,"column":13}},"298":{"start":{"line":299,"column":0},"end":{"line":299,"column":34}},"299":{"start":{"line":300,"column":0},"end":{"line":300,"column":66}},"300":{"start":{"line":301,"column":0},"end":{"line":301,"column":23}},"301":{"start":{"line":302,"column":0},"end":{"line":302,"column":13}},"303":{"start":{"line":304,"column":0},"end":{"line":304,"column":39}},"305":{"start":{"line":306,"column":0},"end":{"line":306,"column":66}},"306":{"start":{"line":307,"column":0},"end":{"line":307,"column":37}},"307":{"start":{"line":308,"column":0},"end":{"line":308,"column":64}},"308":{"start":{"line":309,"column":0},"end":{"line":309,"column":22}},"309":{"start":{"line":310,"column":0},"end":{"line":310,"column":39}},"310":{"start":{"line":311,"column":0},"end":{"line":311,"column":15}},"312":{"start":{"line":313,"column":0},"end":{"line":313,"column":33}},"313":{"start":{"line":314,"column":0},"end":{"line":314,"column":23}},"314":{"start":{"line":315,"column":0},"end":{"line":315,"column":13}},"315":{"start":{"line":316,"column":0},"end":{"line":316,"column":11}},"317":{"start":{"line":318,"column":0},"end":{"line":318,"column":33}},"318":{"start":{"line":319,"column":0},"end":{"line":319,"column":28}},"319":{"start":{"line":320,"column":0},"end":{"line":320,"column":32}},"320":{"start":{"line":321,"column":0},"end":{"line":321,"column":16}},"322":{"start":{"line":323,"column":0},"end":{"line":323,"column":35}},"323":{"start":{"line":324,"column":0},"end":{"line":324,"column":29}},"324":{"start":{"line":325,"column":0},"end":{"line":325,"column":9}},"325":{"start":{"line":326,"column":0},"end":{"line":326,"column":14}},"327":{"start":{"line":328,"column":0},"end":{"line":328,"column":26}},"328":{"start":{"line":329,"column":0},"end":{"line":329,"column":42}},"329":{"start":{"line":330,"column":0},"end":{"line":330,"column":46}},"330":{"start":{"line":331,"column":0},"end":{"line":331,"column":37}},"331":{"start":{"line":332,"column":0},"end":{"line":332,"column":34}},"332":{"start":{"line":333,"column":0},"end":{"line":333,"column":34}},"333":{"start":{"line":334,"column":0},"end":{"line":334,"column":29}},"334":{"start":{"line":335,"column":0},"end":{"line":335,"column":40}},"335":{"start":{"line":336,"column":0},"end":{"line":336,"column":18}},"336":{"start":{"line":337,"column":0},"end":{"line":337,"column":71}},"337":{"start":{"line":338,"column":0},"end":{"line":338,"column":11}},"339":{"start":{"line":340,"column":0},"end":{"line":340,"column":29}},"340":{"start":{"line":341,"column":0},"end":{"line":341,"column":28}},"341":{"start":{"line":342,"column":0},"end":{"line":342,"column":31}},"342":{"start":{"line":343,"column":0},"end":{"line":343,"column":32}},"343":{"start":{"line":344,"column":0},"end":{"line":344,"column":29}},"344":{"start":{"line":345,"column":0},"end":{"line":345,"column":51}},"345":{"start":{"line":346,"column":0},"end":{"line":346,"column":31}},"346":{"start":{"line":347,"column":0},"end":{"line":347,"column":32}},"347":{"start":{"line":348,"column":0},"end":{"line":348,"column":9}},"348":{"start":{"line":349,"column":0},"end":{"line":349,"column":14}},"350":{"start":{"line":351,"column":0},"end":{"line":351,"column":27}},"351":{"start":{"line":352,"column":0},"end":{"line":352,"column":43}},"352":{"start":{"line":353,"column":0},"end":{"line":353,"column":47}},"353":{"start":{"line":354,"column":0},"end":{"line":354,"column":34}},"354":{"start":{"line":355,"column":0},"end":{"line":355,"column":41}},"355":{"start":{"line":356,"column":0},"end":{"line":356,"column":37}},"356":{"start":{"line":357,"column":0},"end":{"line":357,"column":31}},"358":{"start":{"line":359,"column":0},"end":{"line":359,"column":52}},"359":{"start":{"line":360,"column":0},"end":{"line":360,"column":32}},"360":{"start":{"line":361,"column":0},"end":{"line":361,"column":11}},"361":{"start":{"line":362,"column":0},"end":{"line":362,"column":34}},"362":{"start":{"line":363,"column":0},"end":{"line":363,"column":31}},"364":{"start":{"line":365,"column":0},"end":{"line":365,"column":52}},"365":{"start":{"line":366,"column":0},"end":{"line":366,"column":32}},"366":{"start":{"line":367,"column":0},"end":{"line":367,"column":11}},"368":{"start":{"line":369,"column":0},"end":{"line":369,"column":29}},"369":{"start":{"line":370,"column":0},"end":{"line":370,"column":40}},"370":{"start":{"line":371,"column":0},"end":{"line":371,"column":18}},"371":{"start":{"line":372,"column":0},"end":{"line":372,"column":71}},"372":{"start":{"line":373,"column":0},"end":{"line":373,"column":11}},"374":{"start":{"line":375,"column":0},"end":{"line":375,"column":29}},"375":{"start":{"line":376,"column":0},"end":{"line":376,"column":28}},"376":{"start":{"line":377,"column":0},"end":{"line":377,"column":31}},"377":{"start":{"line":378,"column":0},"end":{"line":378,"column":32}},"378":{"start":{"line":379,"column":0},"end":{"line":379,"column":29}},"379":{"start":{"line":380,"column":0},"end":{"line":380,"column":51}},"380":{"start":{"line":381,"column":0},"end":{"line":381,"column":31}},"382":{"start":{"line":383,"column":0},"end":{"line":383,"column":52}},"383":{"start":{"line":384,"column":0},"end":{"line":384,"column":32}},"384":{"start":{"line":385,"column":0},"end":{"line":385,"column":11}},"386":{"start":{"line":387,"column":0},"end":{"line":387,"column":31}},"387":{"start":{"line":388,"column":0},"end":{"line":388,"column":32}},"388":{"start":{"line":389,"column":0},"end":{"line":389,"column":9}},"389":{"start":{"line":390,"column":0},"end":{"line":390,"column":14}},"391":{"start":{"line":392,"column":0},"end":{"line":392,"column":34}},"392":{"start":{"line":393,"column":0},"end":{"line":393,"column":43}},"393":{"start":{"line":394,"column":0},"end":{"line":394,"column":25}},"394":{"start":{"line":395,"column":0},"end":{"line":395,"column":31}},"395":{"start":{"line":396,"column":0},"end":{"line":396,"column":35}},"396":{"start":{"line":397,"column":0},"end":{"line":397,"column":37}},"398":{"start":{"line":399,"column":0},"end":{"line":399,"column":34}},"400":{"start":{"line":401,"column":0},"end":{"line":401,"column":50}},"401":{"start":{"line":402,"column":0},"end":{"line":402,"column":30}},"403":{"start":{"line":404,"column":0},"end":{"line":404,"column":29}},"404":{"start":{"line":405,"column":0},"end":{"line":405,"column":40}},"405":{"start":{"line":406,"column":0},"end":{"line":406,"column":18}},"406":{"start":{"line":407,"column":0},"end":{"line":407,"column":71}},"407":{"start":{"line":408,"column":0},"end":{"line":408,"column":11}},"409":{"start":{"line":410,"column":0},"end":{"line":410,"column":29}},"410":{"start":{"line":411,"column":0},"end":{"line":411,"column":28}},"411":{"start":{"line":412,"column":0},"end":{"line":412,"column":31}},"412":{"start":{"line":413,"column":0},"end":{"line":413,"column":32}},"413":{"start":{"line":414,"column":0},"end":{"line":414,"column":29}},"414":{"start":{"line":415,"column":0},"end":{"line":415,"column":16}},"416":{"start":{"line":417,"column":0},"end":{"line":417,"column":33}},"417":{"start":{"line":418,"column":0},"end":{"line":418,"column":35}},"418":{"start":{"line":419,"column":0},"end":{"line":419,"column":9}},"419":{"start":{"line":420,"column":0},"end":{"line":420,"column":14}},"421":{"start":{"line":422,"column":0},"end":{"line":422,"column":28}},"422":{"start":{"line":423,"column":0},"end":{"line":423,"column":42}},"424":{"start":{"line":425,"column":0},"end":{"line":425,"column":63}},"425":{"start":{"line":426,"column":0},"end":{"line":426,"column":30}},"426":{"start":{"line":427,"column":0},"end":{"line":427,"column":31}},"427":{"start":{"line":428,"column":0},"end":{"line":428,"column":23}},"428":{"start":{"line":429,"column":0},"end":{"line":429,"column":34}},"429":{"start":{"line":430,"column":0},"end":{"line":430,"column":52}},"431":{"start":{"line":432,"column":0},"end":{"line":432,"column":63}},"432":{"start":{"line":433,"column":0},"end":{"line":433,"column":30}},"433":{"start":{"line":434,"column":0},"end":{"line":434,"column":31}},"435":{"start":{"line":436,"column":0},"end":{"line":436,"column":29}},"436":{"start":{"line":437,"column":0},"end":{"line":437,"column":31}},"437":{"start":{"line":438,"column":0},"end":{"line":438,"column":42}},"438":{"start":{"line":439,"column":0},"end":{"line":439,"column":20}},"439":{"start":{"line":440,"column":0},"end":{"line":440,"column":73}},"440":{"start":{"line":441,"column":0},"end":{"line":441,"column":13}},"442":{"start":{"line":443,"column":0},"end":{"line":443,"column":31}},"443":{"start":{"line":444,"column":0},"end":{"line":444,"column":30}},"444":{"start":{"line":445,"column":0},"end":{"line":445,"column":33}},"445":{"start":{"line":446,"column":0},"end":{"line":446,"column":34}},"446":{"start":{"line":447,"column":0},"end":{"line":447,"column":31}},"447":{"start":{"line":448,"column":0},"end":{"line":448,"column":18}},"448":{"start":{"line":449,"column":0},"end":{"line":449,"column":36}},"449":{"start":{"line":450,"column":0},"end":{"line":450,"column":11}},"450":{"start":{"line":451,"column":0},"end":{"line":451,"column":16}},"451":{"start":{"line":452,"column":0},"end":{"line":452,"column":34}},"452":{"start":{"line":453,"column":0},"end":{"line":453,"column":9}},"453":{"start":{"line":454,"column":0},"end":{"line":454,"column":14}},"455":{"start":{"line":456,"column":0},"end":{"line":456,"column":25}},"456":{"start":{"line":457,"column":0},"end":{"line":457,"column":27}},"457":{"start":{"line":458,"column":0},"end":{"line":458,"column":29}},"459":{"start":{"line":460,"column":0},"end":{"line":460,"column":40}},"460":{"start":{"line":461,"column":0},"end":{"line":461,"column":18}},"461":{"start":{"line":462,"column":0},"end":{"line":462,"column":62}},"462":{"start":{"line":463,"column":0},"end":{"line":463,"column":11}},"464":{"start":{"line":465,"column":0},"end":{"line":465,"column":29}},"465":{"start":{"line":466,"column":0},"end":{"line":466,"column":28}},"466":{"start":{"line":467,"column":0},"end":{"line":467,"column":31}},"467":{"start":{"line":468,"column":0},"end":{"line":468,"column":32}},"468":{"start":{"line":469,"column":0},"end":{"line":469,"column":29}},"469":{"start":{"line":470,"column":0},"end":{"line":470,"column":9}},"470":{"start":{"line":471,"column":0},"end":{"line":471,"column":14}},"471":{"start":{"line":472,"column":0},"end":{"line":472,"column":5}},"473":{"start":{"line":474,"column":0},"end":{"line":474,"column":15}},"474":{"start":{"line":475,"column":0},"end":{"line":475,"column":3}},"477":{"start":{"line":478,"column":0},"end":{"line":478,"column":13}},"480":{"start":{"line":481,"column":0},"end":{"line":481,"column":47}},"481":{"start":{"line":482,"column":0},"end":{"line":482,"column":31}},"482":{"start":{"line":483,"column":0},"end":{"line":483,"column":3}},"484":{"start":{"line":485,"column":0},"end":{"line":485,"column":16}},"485":{"start":{"line":486,"column":0},"end":{"line":486,"column":1}}},"s":{"6":1,"8":1,"9":1,"15":1,"16":1,"17":1,"18":1,"19":1,"20":1,"21":1,"22":1,"23":1,"24":1,"25":1,"26":1,"27":1,"28":1,"29":1,"30":1,"33":167,"34":167,"35":167,"36":167,"37":167,"38":167,"39":167,"41":167,"51":243,"52":243,"53":243,"54":243,"55":243,"57":243,"60":243,"63":243,"65":243,"68":243,"69":192,"72":192,"73":25,"74":25,"77":192,"79":59,"80":59,"81":19,"82":17,"83":17,"84":17,"85":59,"86":42,"87":42,"91":17,"92":17,"93":6,"94":3,"95":1,"96":6,"97":6,"98":1,"99":59,"100":17,"101":17,"102":59,"105":192,"106":71,"107":186,"108":37,"109":37,"110":192,"112":243,"113":243,"122":1,"124":305,"127":305,"130":305,"133":305,"134":305,"137":305,"138":305,"139":305,"140":305,"141":305,"142":305,"143":305,"144":305,"145":305,"147":305,"148":305,"149":305,"150":305,"151":305,"152":305,"153":305,"154":305,"157":305,"158":887,"160":252,"163":252,"165":252,"166":252,"167":252,"168":1508,"169":1508,"170":252,"171":252,"175":252,"176":252,"177":252,"179":252,"180":252,"181":887,"184":305,"185":269,"186":269,"187":269,"188":269,"190":269,"191":2,"192":2,"194":269,"196":243,"197":6,"200":6,"201":6,"202":6,"205":6,"206":6,"209":243,"210":36,"211":36,"212":36,"213":36,"214":36,"217":36,"218":243,"220":207,"221":207,"222":207,"223":207,"224":207,"225":207,"226":207,"227":207,"228":243,"229":269,"232":305,"233":272,"234":272,"235":235,"236":272,"238":235,"240":235,"242":172,"243":178,"244":178,"247":172,"248":172,"249":235,"250":272,"253":305,"254":8928,"256":8928,"257":8928,"258":2072,"259":576,"262":576,"264":6,"265":6,"266":6,"267":6,"269":576,"270":2072,"271":1496,"272":1496,"273":2072,"275":8928,"276":576,"277":272,"278":272,"279":564,"281":12,"282":12,"283":10,"284":12,"285":2,"286":2,"287":12,"288":304,"289":289,"292":289,"293":289,"294":289,"295":37,"296":289,"298":18,"299":18,"300":159,"301":159,"303":18,"305":18,"306":18,"307":16,"308":18,"309":2,"310":2,"312":18,"313":18,"314":18,"315":18,"317":271,"318":271,"319":271,"320":292,"322":3,"323":3,"324":3,"325":558,"327":8928,"328":1786,"329":1196,"330":1786,"331":210,"332":492,"333":324,"334":215,"335":324,"336":109,"337":109,"339":324,"340":324,"341":324,"342":324,"343":324,"344":380,"345":9,"346":9,"347":9,"348":1786,"350":8928,"351":1779,"352":1216,"353":1779,"354":219,"355":562,"356":115,"358":16,"359":16,"360":16,"361":344,"362":162,"364":13,"365":13,"366":13,"368":162,"369":51,"370":162,"371":111,"372":111,"374":162,"375":162,"376":162,"377":162,"378":162,"379":229,"380":15,"382":2,"383":2,"384":2,"386":15,"387":15,"388":15,"389":1779,"391":8928,"392":225,"393":177,"394":177,"395":177,"396":225,"398":48,"400":2,"401":2,"403":2,"404":1,"405":1,"406":1,"407":1,"409":2,"410":2,"411":2,"412":2,"413":2,"414":42,"416":40,"417":40,"418":40,"419":225,"421":8928,"422":2445,"424":175,"425":175,"426":175,"427":175,"428":175,"429":2445,"431":40,"432":40,"433":40,"435":40,"436":29,"437":5,"438":29,"439":24,"440":24,"442":29,"443":29,"444":29,"445":29,"446":29,"447":40,"448":11,"449":11,"450":2270,"451":2230,"452":2230,"453":2445,"455":8928,"456":45,"457":24,"459":0,"460":24,"461":24,"462":24,"464":24,"465":24,"466":24,"467":24,"468":24,"469":24,"470":45,"471":8928,"473":8910,"474":8910,"477":305,"480":305,"481":23,"482":23,"484":305,"485":305},"branchMap":{"0":{"type":"branch","line":34,"loc":{"start":{"line":34,"column":0},"end":{"line":42,"column":1}},"locations":[{"start":{"line":34,"column":0},"end":{"line":42,"column":1}}]},"1":{"type":"branch","line":52,"loc":{"start":{"line":52,"column":0},"end":{"line":114,"column":1}},"locations":[{"start":{"line":52,"column":0},"end":{"line":114,"column":1}}]},"2":{"type":"branch","line":58,"loc":{"start":{"line":58,"column":54},"end":{"line":58,"column":62}},"locations":[{"start":{"line":58,"column":54},"end":{"line":58,"column":62}}]},"3":{"type":"branch","line":61,"loc":{"start":{"line":61,"column":46},"end":{"line":61,"column":54}},"locations":[{"start":{"line":61,"column":46},"end":{"line":61,"column":54}}]},"4":{"type":"branch","line":69,"loc":{"start":{"line":69,"column":37},"end":{"line":111,"column":3}},"locations":[{"start":{"line":69,"column":37},"end":{"line":111,"column":3}}]},"5":{"type":"branch","line":73,"loc":{"start":{"line":73,"column":40},"end":{"line":73,"column":78}},"locations":[{"start":{"line":73,"column":40},"end":{"line":73,"column":78}}]},"6":{"type":"branch","line":73,"loc":{"start":{"line":73,"column":78},"end":{"line":75,"column":5}},"locations":[{"start":{"line":73,"column":78},"end":{"line":75,"column":5}}]},"7":{"type":"branch","line":75,"loc":{"start":{"line":75,"column":4},"end":{"line":78,"column":17}},"locations":[{"start":{"line":75,"column":4},"end":{"line":78,"column":17}}]},"8":{"type":"branch","line":78,"loc":{"start":{"line":78,"column":8},"end":{"line":78,"column":50}},"locations":[{"start":{"line":78,"column":8},"end":{"line":78,"column":50}}]},"9":{"type":"branch","line":78,"loc":{"start":{"line":78,"column":50},"end":{"line":103,"column":5}},"locations":[{"start":{"line":78,"column":50},"end":{"line":103,"column":5}}]},"10":{"type":"branch","line":81,"loc":{"start":{"line":81,"column":22},"end":{"line":82,"column":30}},"locations":[{"start":{"line":81,"column":22},"end":{"line":82,"column":30}}]},"11":{"type":"branch","line":82,"loc":{"start":{"line":82,"column":22},"end":{"line":83,"column":33}},"locations":[{"start":{"line":82,"column":22},"end":{"line":83,"column":33}}]},"12":{"type":"branch","line":83,"loc":{"start":{"line":83,"column":22},"end":{"line":84,"column":37}},"locations":[{"start":{"line":83,"column":22},"end":{"line":84,"column":37}}]},"13":{"type":"branch","line":84,"loc":{"start":{"line":84,"column":22},"end":{"line":85,"column":34}},"locations":[{"start":{"line":84,"column":22},"end":{"line":85,"column":34}}]},"14":{"type":"branch","line":86,"loc":{"start":{"line":86,"column":8},"end":{"line":93,"column":53}},"locations":[{"start":{"line":86,"column":8},"end":{"line":93,"column":53}}]},"15":{"type":"branch","line":86,"loc":{"start":{"line":86,"column":8},"end":{"line":88,"column":7}},"locations":[{"start":{"line":86,"column":8},"end":{"line":88,"column":7}}]},"16":{"type":"branch","line":88,"loc":{"start":{"line":88,"column":6},"end":{"line":93,"column":53}},"locations":[{"start":{"line":88,"column":6},"end":{"line":93,"column":53}}]},"17":{"type":"branch","line":93,"loc":{"start":{"line":93,"column":49},"end":{"line":94,"column":49}},"locations":[{"start":{"line":93,"column":49},"end":{"line":94,"column":49}}]},"18":{"type":"branch","line":94,"loc":{"start":{"line":94,"column":45},"end":{"line":95,"column":48}},"locations":[{"start":{"line":94,"column":45},"end":{"line":95,"column":48}}]},"19":{"type":"branch","line":95,"loc":{"start":{"line":95,"column":44},"end":{"line":99,"column":10}},"locations":[{"start":{"line":95,"column":44},"end":{"line":99,"column":10}}]},"20":{"type":"branch","line":100,"loc":{"start":{"line":100,"column":8},"end":{"line":102,"column":7}},"locations":[{"start":{"line":100,"column":8},"end":{"line":102,"column":7}}]},"21":{"type":"branch","line":103,"loc":{"start":{"line":103,"column":4},"end":{"line":106,"column":15}},"locations":[{"start":{"line":103,"column":4},"end":{"line":106,"column":15}}]},"22":{"type":"branch","line":106,"loc":{"start":{"line":106,"column":15},"end":{"line":110,"column":5}},"locations":[{"start":{"line":106,"column":15},"end":{"line":110,"column":5}}]},"23":{"type":"branch","line":106,"loc":{"start":{"line":106,"column":15},"end":{"line":108,"column":11}},"locations":[{"start":{"line":106,"column":15},"end":{"line":108,"column":11}}]},"24":{"type":"branch","line":108,"loc":{"start":{"line":108,"column":4},"end":{"line":110,"column":5}},"locations":[{"start":{"line":108,"column":4},"end":{"line":110,"column":5}}]},"25":{"type":"branch","line":96,"loc":{"start":{"line":96,"column":29},"end":{"line":99,"column":9}},"locations":[{"start":{"line":96,"column":29},"end":{"line":99,"column":9}}]},"26":{"type":"branch","line":98,"loc":{"start":{"line":98,"column":42},"end":{"line":98,"column":68}},"locations":[{"start":{"line":98,"column":42},"end":{"line":98,"column":68}}]},"27":{"type":"branch","line":123,"loc":{"start":{"line":123,"column":7},"end":{"line":486,"column":1}},"locations":[{"start":{"line":123,"column":7},"end":{"line":486,"column":1}}]},"28":{"type":"branch","line":254,"loc":{"start":{"line":254,"column":33},"end":{"line":475,"column":3}},"locations":[{"start":{"line":254,"column":33},"end":{"line":475,"column":3}}]},"29":{"type":"branch","line":258,"loc":{"start":{"line":258,"column":6},"end":{"line":274,"column":14}},"locations":[{"start":{"line":258,"column":6},"end":{"line":274,"column":14}}]},"30":{"type":"branch","line":259,"loc":{"start":{"line":259,"column":26},"end":{"line":271,"column":15}},"locations":[{"start":{"line":259,"column":26},"end":{"line":271,"column":15}}]},"31":{"type":"branch","line":263,"loc":{"start":{"line":263,"column":42},"end":{"line":268,"column":11}},"locations":[{"start":{"line":263,"column":42},"end":{"line":268,"column":11}}]},"32":{"type":"branch","line":271,"loc":{"start":{"line":271,"column":8},"end":{"line":273,"column":9}},"locations":[{"start":{"line":271,"column":8},"end":{"line":273,"column":9}}]},"33":{"type":"branch","line":276,"loc":{"start":{"line":276,"column":6},"end":{"line":326,"column":14}},"locations":[{"start":{"line":276,"column":6},"end":{"line":326,"column":14}}]},"34":{"type":"branch","line":277,"loc":{"start":{"line":277,"column":26},"end":{"line":325,"column":9}},"locations":[{"start":{"line":277,"column":26},"end":{"line":325,"column":9}}]},"35":{"type":"branch","line":277,"loc":{"start":{"line":277,"column":26},"end":{"line":280,"column":19}},"locations":[{"start":{"line":277,"column":26},"end":{"line":280,"column":19}}]},"36":{"type":"branch","line":280,"loc":{"start":{"line":280,"column":8},"end":{"line":325,"column":9}},"locations":[{"start":{"line":280,"column":8},"end":{"line":325,"column":9}}]},"37":{"type":"branch","line":280,"loc":{"start":{"line":280,"column":33},"end":{"line":289,"column":19}},"locations":[{"start":{"line":280,"column":33},"end":{"line":289,"column":19}}]},"38":{"type":"branch","line":283,"loc":{"start":{"line":283,"column":30},"end":{"line":285,"column":17}},"locations":[{"start":{"line":283,"column":30},"end":{"line":285,"column":17}}]},"39":{"type":"branch","line":285,"loc":{"start":{"line":285,"column":10},"end":{"line":287,"column":11}},"locations":[{"start":{"line":285,"column":10},"end":{"line":287,"column":11}}]},"40":{"type":"branch","line":289,"loc":{"start":{"line":289,"column":8},"end":{"line":325,"column":9}},"locations":[{"start":{"line":289,"column":8},"end":{"line":325,"column":9}}]},"41":{"type":"branch","line":289,"loc":{"start":{"line":289,"column":42},"end":{"line":321,"column":15}},"locations":[{"start":{"line":289,"column":42},"end":{"line":321,"column":15}}]},"42":{"type":"branch","line":295,"loc":{"start":{"line":295,"column":30},"end":{"line":296,"column":73}},"locations":[{"start":{"line":295,"column":30},"end":{"line":296,"column":73}}]},"43":{"type":"branch","line":297,"loc":{"start":{"line":297,"column":12},"end":{"line":316,"column":11}},"locations":[{"start":{"line":297,"column":12},"end":{"line":316,"column":11}}]},"44":{"type":"branch","line":300,"loc":{"start":{"line":300,"column":33},"end":{"line":300,"column":65}},"locations":[{"start":{"line":300,"column":33},"end":{"line":300,"column":65}}]},"45":{"type":"branch","line":300,"loc":{"start":{"line":300,"column":65},"end":{"line":302,"column":13}},"locations":[{"start":{"line":300,"column":65},"end":{"line":302,"column":13}}]},"46":{"type":"branch","line":307,"loc":{"start":{"line":307,"column":36},"end":{"line":309,"column":21}},"locations":[{"start":{"line":307,"column":36},"end":{"line":309,"column":21}}]},"47":{"type":"branch","line":309,"loc":{"start":{"line":309,"column":14},"end":{"line":311,"column":15}},"locations":[{"start":{"line":309,"column":14},"end":{"line":311,"column":15}}]},"48":{"type":"branch","line":316,"loc":{"start":{"line":316,"column":10},"end":{"line":321,"column":15}},"locations":[{"start":{"line":316,"column":10},"end":{"line":321,"column":15}}]},"49":{"type":"branch","line":321,"loc":{"start":{"line":321,"column":8},"end":{"line":325,"column":9}},"locations":[{"start":{"line":321,"column":8},"end":{"line":325,"column":9}}]},"50":{"type":"branch","line":325,"loc":{"start":{"line":325,"column":8},"end":{"line":326,"column":14}},"locations":[{"start":{"line":325,"column":8},"end":{"line":326,"column":14}}]},"51":{"type":"branch","line":328,"loc":{"start":{"line":328,"column":6},"end":{"line":349,"column":14}},"locations":[{"start":{"line":328,"column":6},"end":{"line":349,"column":14}}]},"52":{"type":"branch","line":329,"loc":{"start":{"line":329,"column":41},"end":{"line":331,"column":19}},"locations":[{"start":{"line":329,"column":41},"end":{"line":331,"column":19}}]},"53":{"type":"branch","line":331,"loc":{"start":{"line":331,"column":8},"end":{"line":348,"column":9}},"locations":[{"start":{"line":331,"column":8},"end":{"line":348,"column":9}}]},"54":{"type":"branch","line":331,"loc":{"start":{"line":331,"column":36},"end":{"line":348,"column":9}},"locations":[{"start":{"line":331,"column":36},"end":{"line":348,"column":9}}]},"55":{"type":"branch","line":331,"loc":{"start":{"line":331,"column":36},"end":{"line":333,"column":19}},"locations":[{"start":{"line":331,"column":36},"end":{"line":333,"column":19}}]},"56":{"type":"branch","line":333,"loc":{"start":{"line":333,"column":8},"end":{"line":348,"column":9}},"locations":[{"start":{"line":333,"column":8},"end":{"line":348,"column":9}}]},"57":{"type":"branch","line":333,"loc":{"start":{"line":333,"column":33},"end":{"line":345,"column":19}},"locations":[{"start":{"line":333,"column":33},"end":{"line":345,"column":19}}]},"58":{"type":"branch","line":334,"loc":{"start":{"line":334,"column":28},"end":{"line":336,"column":17}},"locations":[{"start":{"line":334,"column":28},"end":{"line":336,"column":17}}]},"59":{"type":"branch","line":336,"loc":{"start":{"line":336,"column":10},"end":{"line":338,"column":11}},"locations":[{"start":{"line":336,"column":10},"end":{"line":338,"column":11}}]},"60":{"type":"branch","line":345,"loc":{"start":{"line":345,"column":8},"end":{"line":348,"column":9}},"locations":[{"start":{"line":345,"column":8},"end":{"line":348,"column":9}}]},"61":{"type":"branch","line":345,"loc":{"start":{"line":345,"column":28},"end":{"line":345,"column":50}},"locations":[{"start":{"line":345,"column":28},"end":{"line":345,"column":50}}]},"62":{"type":"branch","line":345,"loc":{"start":{"line":345,"column":50},"end":{"line":348,"column":9}},"locations":[{"start":{"line":345,"column":50},"end":{"line":348,"column":9}}]},"63":{"type":"branch","line":351,"loc":{"start":{"line":351,"column":6},"end":{"line":390,"column":14}},"locations":[{"start":{"line":351,"column":6},"end":{"line":390,"column":14}}]},"64":{"type":"branch","line":352,"loc":{"start":{"line":352,"column":42},"end":{"line":354,"column":19}},"locations":[{"start":{"line":352,"column":42},"end":{"line":354,"column":19}}]},"65":{"type":"branch","line":354,"loc":{"start":{"line":354,"column":8},"end":{"line":389,"column":9}},"locations":[{"start":{"line":354,"column":8},"end":{"line":389,"column":9}}]},"66":{"type":"branch","line":354,"loc":{"start":{"line":354,"column":33},"end":{"line":389,"column":9}},"locations":[{"start":{"line":354,"column":33},"end":{"line":389,"column":9}}]},"67":{"type":"branch","line":354,"loc":{"start":{"line":354,"column":33},"end":{"line":356,"column":19}},"locations":[{"start":{"line":354,"column":33},"end":{"line":356,"column":19}}]},"68":{"type":"branch","line":356,"loc":{"start":{"line":356,"column":8},"end":{"line":389,"column":9}},"locations":[{"start":{"line":356,"column":8},"end":{"line":389,"column":9}}]},"69":{"type":"branch","line":356,"loc":{"start":{"line":356,"column":36},"end":{"line":362,"column":19}},"locations":[{"start":{"line":356,"column":36},"end":{"line":362,"column":19}}]},"70":{"type":"branch","line":357,"loc":{"start":{"line":357,"column":30},"end":{"line":361,"column":11}},"locations":[{"start":{"line":357,"column":30},"end":{"line":361,"column":11}}]},"71":{"type":"branch","line":362,"loc":{"start":{"line":362,"column":8},"end":{"line":389,"column":9}},"locations":[{"start":{"line":362,"column":8},"end":{"line":389,"column":9}}]},"72":{"type":"branch","line":362,"loc":{"start":{"line":362,"column":33},"end":{"line":380,"column":19}},"locations":[{"start":{"line":362,"column":33},"end":{"line":380,"column":19}}]},"73":{"type":"branch","line":363,"loc":{"start":{"line":363,"column":30},"end":{"line":367,"column":11}},"locations":[{"start":{"line":363,"column":30},"end":{"line":367,"column":11}}]},"74":{"type":"branch","line":369,"loc":{"start":{"line":369,"column":28},"end":{"line":371,"column":17}},"locations":[{"start":{"line":369,"column":28},"end":{"line":371,"column":17}}]},"75":{"type":"branch","line":371,"loc":{"start":{"line":371,"column":10},"end":{"line":373,"column":11}},"locations":[{"start":{"line":371,"column":10},"end":{"line":373,"column":11}}]},"76":{"type":"branch","line":380,"loc":{"start":{"line":380,"column":8},"end":{"line":389,"column":9}},"locations":[{"start":{"line":380,"column":8},"end":{"line":389,"column":9}}]},"77":{"type":"branch","line":380,"loc":{"start":{"line":380,"column":28},"end":{"line":380,"column":50}},"locations":[{"start":{"line":380,"column":28},"end":{"line":380,"column":50}}]},"78":{"type":"branch","line":380,"loc":{"start":{"line":380,"column":50},"end":{"line":389,"column":9}},"locations":[{"start":{"line":380,"column":50},"end":{"line":389,"column":9}}]},"79":{"type":"branch","line":381,"loc":{"start":{"line":381,"column":30},"end":{"line":385,"column":11}},"locations":[{"start":{"line":381,"column":30},"end":{"line":385,"column":11}}]},"80":{"type":"branch","line":392,"loc":{"start":{"line":392,"column":6},"end":{"line":420,"column":14}},"locations":[{"start":{"line":392,"column":6},"end":{"line":420,"column":14}}]},"81":{"type":"branch","line":393,"loc":{"start":{"line":393,"column":21},"end":{"line":393,"column":42}},"locations":[{"start":{"line":393,"column":21},"end":{"line":393,"column":42}}]},"82":{"type":"branch","line":393,"loc":{"start":{"line":393,"column":42},"end":{"line":397,"column":19}},"locations":[{"start":{"line":393,"column":42},"end":{"line":397,"column":19}}]},"83":{"type":"branch","line":397,"loc":{"start":{"line":397,"column":8},"end":{"line":419,"column":9}},"locations":[{"start":{"line":397,"column":8},"end":{"line":419,"column":9}}]},"84":{"type":"branch","line":397,"loc":{"start":{"line":397,"column":36},"end":{"line":399,"column":19}},"locations":[{"start":{"line":397,"column":36},"end":{"line":399,"column":19}}]},"85":{"type":"branch","line":399,"loc":{"start":{"line":399,"column":8},"end":{"line":419,"column":9}},"locations":[{"start":{"line":399,"column":8},"end":{"line":419,"column":9}}]},"86":{"type":"branch","line":399,"loc":{"start":{"line":399,"column":33},"end":{"line":415,"column":15}},"locations":[{"start":{"line":399,"column":33},"end":{"line":415,"column":15}}]},"87":{"type":"branch","line":404,"loc":{"start":{"line":404,"column":28},"end":{"line":408,"column":11}},"locations":[{"start":{"line":404,"column":28},"end":{"line":408,"column":11}}]},"88":{"type":"branch","line":415,"loc":{"start":{"line":415,"column":8},"end":{"line":419,"column":9}},"locations":[{"start":{"line":415,"column":8},"end":{"line":419,"column":9}}]},"89":{"type":"branch","line":422,"loc":{"start":{"line":422,"column":6},"end":{"line":454,"column":14}},"locations":[{"start":{"line":422,"column":6},"end":{"line":454,"column":14}}]},"90":{"type":"branch","line":423,"loc":{"start":{"line":423,"column":12},"end":{"line":423,"column":41}},"locations":[{"start":{"line":423,"column":12},"end":{"line":423,"column":41}}]},"91":{"type":"branch","line":423,"loc":{"start":{"line":423,"column":41},"end":{"line":430,"column":19}},"locations":[{"start":{"line":423,"column":41},"end":{"line":430,"column":19}}]},"92":{"type":"branch","line":430,"loc":{"start":{"line":430,"column":8},"end":{"line":453,"column":9}},"locations":[{"start":{"line":430,"column":8},"end":{"line":453,"column":9}}]},"93":{"type":"branch","line":430,"loc":{"start":{"line":430,"column":20},"end":{"line":430,"column":51}},"locations":[{"start":{"line":430,"column":20},"end":{"line":430,"column":51}}]},"94":{"type":"branch","line":430,"loc":{"start":{"line":430,"column":51},"end":{"line":451,"column":15}},"locations":[{"start":{"line":430,"column":51},"end":{"line":451,"column":15}}]},"95":{"type":"branch","line":436,"loc":{"start":{"line":436,"column":28},"end":{"line":448,"column":17}},"locations":[{"start":{"line":436,"column":28},"end":{"line":448,"column":17}}]},"96":{"type":"branch","line":437,"loc":{"start":{"line":437,"column":30},"end":{"line":439,"column":19}},"locations":[{"start":{"line":437,"column":30},"end":{"line":439,"column":19}}]},"97":{"type":"branch","line":439,"loc":{"start":{"line":439,"column":12},"end":{"line":441,"column":13}},"locations":[{"start":{"line":439,"column":12},"end":{"line":441,"column":13}}]},"98":{"type":"branch","line":448,"loc":{"start":{"line":448,"column":10},"end":{"line":450,"column":11}},"locations":[{"start":{"line":448,"column":10},"end":{"line":450,"column":11}}]},"99":{"type":"branch","line":451,"loc":{"start":{"line":451,"column":8},"end":{"line":453,"column":9}},"locations":[{"start":{"line":451,"column":8},"end":{"line":453,"column":9}}]},"100":{"type":"branch","line":456,"loc":{"start":{"line":456,"column":6},"end":{"line":471,"column":14}},"locations":[{"start":{"line":456,"column":6},"end":{"line":471,"column":14}}]},"101":{"type":"branch","line":457,"loc":{"start":{"line":457,"column":26},"end":{"line":470,"column":9}},"locations":[{"start":{"line":457,"column":26},"end":{"line":470,"column":9}}]},"102":{"type":"branch","line":458,"loc":{"start":{"line":458,"column":28},"end":{"line":461,"column":17}},"locations":[{"start":{"line":458,"column":28},"end":{"line":461,"column":17}}]},"103":{"type":"branch","line":472,"loc":{"start":{"line":472,"column":4},"end":{"line":475,"column":3}},"locations":[{"start":{"line":472,"column":4},"end":{"line":475,"column":3}}]},"104":{"type":"branch","line":481,"loc":{"start":{"line":481,"column":46},"end":{"line":483,"column":3}},"locations":[{"start":{"line":481,"column":46},"end":{"line":483,"column":3}}]},"105":{"type":"branch","line":158,"loc":{"start":{"line":158,"column":2},"end":{"line":182,"column":3}},"locations":[{"start":{"line":158,"column":2},"end":{"line":182,"column":3}}]},"106":{"type":"branch","line":159,"loc":{"start":{"line":159,"column":20},"end":{"line":181,"column":5}},"locations":[{"start":{"line":159,"column":20},"end":{"line":181,"column":5}}]},"107":{"type":"branch","line":164,"loc":{"start":{"line":164,"column":20},"end":{"line":164,"column":45}},"locations":[{"start":{"line":164,"column":20},"end":{"line":164,"column":45}}]},"108":{"type":"branch","line":168,"loc":{"start":{"line":168,"column":18},"end":{"line":171,"column":11}},"locations":[{"start":{"line":168,"column":18},"end":{"line":171,"column":11}}]},"109":{"type":"branch","line":170,"loc":{"start":{"line":170,"column":29},"end":{"line":170,"column":69}},"locations":[{"start":{"line":170,"column":29},"end":{"line":170,"column":69}}]},"110":{"type":"branch","line":170,"loc":{"start":{"line":170,"column":46},"end":{"line":170,"column":69}},"locations":[{"start":{"line":170,"column":46},"end":{"line":170,"column":69}}]},"111":{"type":"branch","line":185,"loc":{"start":{"line":185,"column":2},"end":{"line":230,"column":3}},"locations":[{"start":{"line":185,"column":2},"end":{"line":230,"column":3}}]},"112":{"type":"branch","line":191,"loc":{"start":{"line":191,"column":30},"end":{"line":193,"column":5}},"locations":[{"start":{"line":191,"column":30},"end":{"line":193,"column":5}}]},"113":{"type":"branch","line":193,"loc":{"start":{"line":193,"column":4},"end":{"line":195,"column":53}},"locations":[{"start":{"line":193,"column":4},"end":{"line":195,"column":53}}]},"114":{"type":"branch","line":195,"loc":{"start":{"line":195,"column":53},"end":{"line":229,"column":5}},"locations":[{"start":{"line":195,"column":53},"end":{"line":229,"column":5}}]},"115":{"type":"branch","line":197,"loc":{"start":{"line":197,"column":22},"end":{"line":197,"column":52}},"locations":[{"start":{"line":197,"column":22},"end":{"line":197,"column":52}}]},"116":{"type":"branch","line":197,"loc":{"start":{"line":197,"column":52},"end":{"line":207,"column":7}},"locations":[{"start":{"line":197,"column":52},"end":{"line":207,"column":7}}]},"117":{"type":"branch","line":210,"loc":{"start":{"line":210,"column":35},"end":{"line":210,"column":53}},"locations":[{"start":{"line":210,"column":35},"end":{"line":210,"column":53}}]},"118":{"type":"branch","line":210,"loc":{"start":{"line":210,"column":53},"end":{"line":219,"column":13}},"locations":[{"start":{"line":210,"column":53},"end":{"line":219,"column":13}}]},"119":{"type":"branch","line":219,"loc":{"start":{"line":219,"column":6},"end":{"line":228,"column":7}},"locations":[{"start":{"line":219,"column":6},"end":{"line":228,"column":7}}]},"120":{"type":"branch","line":233,"loc":{"start":{"line":233,"column":2},"end":{"line":251,"column":3}},"locations":[{"start":{"line":233,"column":2},"end":{"line":251,"column":3}}]},"121":{"type":"branch","line":235,"loc":{"start":{"line":235,"column":48},"end":{"line":236,"column":33}},"locations":[{"start":{"line":235,"column":48},"end":{"line":236,"column":33}}]},"122":{"type":"branch","line":237,"loc":{"start":{"line":237,"column":6},"end":{"line":250,"column":5}},"locations":[{"start":{"line":237,"column":6},"end":{"line":250,"column":5}}]},"123":{"type":"branch","line":241,"loc":{"start":{"line":241,"column":22},"end":{"line":249,"column":7}},"locations":[{"start":{"line":241,"column":22},"end":{"line":249,"column":7}}]},"124":{"type":"branch","line":243,"loc":{"start":{"line":243,"column":56},"end":{"line":245,"column":9}},"locations":[{"start":{"line":243,"column":56},"end":{"line":245,"column":9}}]}},"b":{"0":[167],"1":[243],"2":[105],"3":[103],"4":[192],"5":[167],"6":[25],"7":[167],"8":[130],"9":[59],"10":[19],"11":[17],"12":[17],"13":[17],"14":[58],"15":[42],"16":[17],"17":[6],"18":[3],"19":[1],"20":[17],"21":[108],"22":[186],"23":[71],"24":[37],"25":[6],"26":[1],"27":[305],"28":[8928],"29":[2072],"30":[576],"31":[6],"32":[1496],"33":[576],"34":[564],"35":[272],"36":[304],"37":[12],"38":[10],"39":[2],"40":[292],"41":[289],"42":[37],"43":[18],"44":[177],"45":[159],"46":[16],"47":[2],"48":[271],"49":[3],"50":[558],"51":[1786],"52":[1196],"53":[590],"54":[492],"55":[210],"56":[380],"57":[324],"58":[215],"59":[109],"60":[56],"61":[38],"62":[9],"63":[1779],"64":[1216],"65":[563],"66":[562],"67":[219],"68":[344],"69":[115],"70":[16],"71":[229],"72":[162],"73":[13],"74":[51],"75":[111],"76":[67],"77":[61],"78":[15],"79":[2],"80":[225],"81":[60],"82":[177],"83":[48],"84":[6],"85":[42],"86":[2],"87":[1],"88":[40],"89":[2445],"90":[2256],"91":[175],"92":[2270],"93":[189],"94":[40],"95":[29],"96":[5],"97":[24],"98":[11],"99":[2230],"100":[45],"101":[24],"102":[0],"103":[8910],"104":[23],"105":[887],"106":[252],"107":[26],"108":[1508],"109":[1472],"110":[3],"111":[269],"112":[2],"113":[267],"114":[243],"115":[143],"116":[6],"117":[219],"118":[36],"119":[207],"120":[272],"121":[235],"122":[235],"123":[172],"124":[178]},"fnMap":{"0":{"name":"isDangerousAttribute","decl":{"start":{"line":34,"column":0},"end":{"line":42,"column":1}},"loc":{"start":{"line":34,"column":0},"end":{"line":42,"column":1}},"line":34},"1":{"name":"processAttributes","decl":{"start":{"line":52,"column":0},"end":{"line":114,"column":1}},"loc":{"start":{"line":52,"column":0},"end":{"line":114,"column":1}},"line":52},"2":{"name":"sanitize","decl":{"start":{"line":123,"column":7},"end":{"line":486,"column":1}},"loc":{"start":{"line":123,"column":7},"end":{"line":486,"column":1}},"line":123},"3":{"name":"emitText","decl":{"start":{"line":158,"column":2},"end":{"line":182,"column":3}},"loc":{"start":{"line":158,"column":2},"end":{"line":182,"column":3}},"line":158},"4":{"name":"handleStartTag","decl":{"start":{"line":185,"column":2},"end":{"line":230,"column":3}},"loc":{"start":{"line":185,"column":2},"end":{"line":230,"column":3}},"line":185},"5":{"name":"handleEndTag","decl":{"start":{"line":233,"column":2},"end":{"line":251,"column":3}},"loc":{"start":{"line":233,"column":2},"end":{"line":251,"column":3}},"line":233}},"f":{"0":167,"1":243,"2":305,"3":887,"4":269,"5":272}}
,"/Users/mattpopovich/unsane/src/utils/htmlEntities.ts": {"path":"/Users/mattpopovich/unsane/src/utils/htmlEntities.ts","all":false,"statementMap":{"5":{"start":{"line":6,"column":0},"end":{"line":6,"column":47}},"6":{"start":{"line":7,"column":0},"end":{"line":7,"column":12}},"7":{"start":{"line":8,"column":0},"end":{"line":8,"column":11}},"8":{"start":{"line":9,"column":0},"end":{"line":9,"column":10}},"9":{"start":{"line":10,"column":0},"end":{"line":10,"column":10}},"10":{"start":{"line":11,"column":0},"end":{"line":11,"column":12}},"11":{"start":{"line":12,"column":0},"end":{"line":12,"column":17}},"12":{"start":{"line":13,"column":0},"end":{"line":13,"column":2}},"14":{"start":{"line":15,"column":0},"end":{"line":15,"column":47}},"15":{"start":{"line":16,"column":0},"end":{"line":16,"column":14}},"16":{"start":{"line":17,"column":0},"end":{"line":17,"column":13}},"17":{"start":{"line":18,"column":0},"end":{"line":18,"column":12}},"18":{"start":{"line":19,"column":0},"end":{"line":19,"column":12}},"19":{"start":{"line":20,"column":0},"end":{"line":20,"column":14}},"20":{"start":{"line":21,"column":0},"end":{"line":21,"column":2}},"23":{"start":{"line":24,"column":0},"end":{"line":24,"column":33}},"28":{"start":{"line":29,"column":0},"end":{"line":29,"column":55}},"29":{"start":{"line":30,"column":0},"end":{"line":30,"column":61}},"30":{"start":{"line":31,"column":0},"end":{"line":31,"column":66}},"32":{"start":{"line":33,"column":0},"end":{"line":33,"column":27}},"33":{"start":{"line":34,"column":0},"end":{"line":34,"column":25}},"34":{"start":{"line":35,"column":0},"end":{"line":35,"column":31}},"35":{"start":{"line":36,"column":0},"end":{"line":36,"column":33}},"36":{"start":{"line":37,"column":0},"end":{"line":37,"column":34}},"37":{"start":{"line":38,"column":0},"end":{"line":38,"column":6}},"38":{"start":{"line":39,"column":0},"end":{"line":39,"column":3}},"40":{"start":{"line":41,"column":0},"end":{"line":41,"column":40}},"41":{"start":{"line":42,"column":0},"end":{"line":42,"column":1}},"60":{"start":{"line":61,"column":0},"end":{"line":61,"column":75}},"61":{"start":{"line":62,"column":0},"end":{"line":62,"column":23}},"63":{"start":{"line":64,"column":0},"end":{"line":64,"column":9}},"64":{"start":{"line":65,"column":0},"end":{"line":65,"column":31}},"65":{"start":{"line":66,"column":0},"end":{"line":66,"column":20}},"66":{"start":{"line":67,"column":0},"end":{"line":67,"column":29}},"67":{"start":{"line":68,"column":0},"end":{"line":68,"column":23}},"68":{"start":{"line":69,"column":0},"end":{"line":69,"column":14}},"71":{"start":{"line":72,"column":0},"end":{"line":72,"column":22}},"73":{"start":{"line":74,"column":0},"end":{"line":74,"column":19}},"75":{"start":{"line":76,"column":0},"end":{"line":76,"column":27}},"76":{"start":{"line":77,"column":0},"end":{"line":77,"column":32}},"78":{"start":{"line":79,"column":0},"end":{"line":79,"column":19}},"79":{"start":{"line":80,"column":0},"end":{"line":80,"column":10}},"81":{"start":{"line":82,"column":0},"end":{"line":82,"column":25}},"82":{"start":{"line":83,"column":0},"end":{"line":83,"column":3}},"84":{"start":{"line":85,"column":0},"end":{"line":85,"column":50}},"86":{"start":{"line":87,"column":0},"end":{"line":87,"column":79}},"89":{"start":{"line":90,"column":0},"end":{"line":90,"column":21}},"90":{"start":{"line":91,"column":0},"end":{"line":91,"column":21}},"91":{"start":{"line":92,"column":0},"end":{"line":92,"column":17}},"92":{"start":{"line":93,"column":0},"end":{"line":93,"column":26}},"93":{"start":{"line":94,"column":0},"end":{"line":94,"column":17}},"94":{"start":{"line":95,"column":0},"end":{"line":95,"column":26}},"95":{"start":{"line":96,"column":0},"end":{"line":96,"column":17}},"96":{"start":{"line":97,"column":0},"end":{"line":97,"column":25}},"97":{"start":{"line":98,"column":0},"end":{"line":98,"column":17}},"98":{"start":{"line":99,"column":0},"end":{"line":99,"column":24}},"99":{"start":{"line":100,"column":0},"end":{"line":100,"column":17}},"100":{"start":{"line":101,"column":0},"end":{"line":101,"column":24}},"101":{"start":{"line":102,"column":0},"end":{"line":102,"column":17}},"102":{"start":{"line":103,"column":0},"end":{"line":103,"column":26}},"103":{"start":{"line":104,"column":0},"end":{"line":104,"column":7}},"104":{"start":{"line":105,"column":0},"end":{"line":105,"column":5}},"107":{"start":{"line":108,"column":0},"end":{"line":108,"column":52}},"108":{"start":{"line":109,"column":0},"end":{"line":109,"column":40}},"109":{"start":{"line":110,"column":0},"end":{"line":110,"column":5}},"112":{"start":{"line":113,"column":0},"end":{"line":113,"column":41}},"113":{"start":{"line":114,"column":0},"end":{"line":114,"column":18}},"114":{"start":{"line":115,"column":0},"end":{"line":115,"column":25}},"115":{"start":{"line":116,"column":0},"end":{"line":116,"column":79}},"116":{"start":{"line":117,"column":0},"end":{"line":117,"column":5}},"117":{"start":{"line":118,"column":0},"end":{"line":118,"column":1}},"123":{"start":{"line":124,"column":0},"end":{"line":124,"column":46}},"124":{"start":{"line":125,"column":0},"end":{"line":125,"column":44}},"125":{"start":{"line":126,"column":0},"end":{"line":126,"column":1}},"131":{"start":{"line":132,"column":0},"end":{"line":132,"column":46}},"132":{"start":{"line":133,"column":0},"end":{"line":133,"column":23}},"135":{"start":{"line":136,"column":0},"end":{"line":136,"column":65}},"136":{"start":{"line":137,"column":0},"end":{"line":137,"column":28}},"138":{"start":{"line":139,"column":0},"end":{"line":139,"column":42}},"140":{"start":{"line":141,"column":0},"end":{"line":141,"column":11}},"141":{"start":{"line":142,"column":0},"end":{"line":142,"column":25}},"142":{"start":{"line":143,"column":0},"end":{"line":143,"column":48}},"143":{"start":{"line":144,"column":0},"end":{"line":144,"column":57}},"144":{"start":{"line":145,"column":0},"end":{"line":145,"column":62}},"147":{"start":{"line":148,"column":0},"end":{"line":148,"column":43}},"149":{"start":{"line":150,"column":0},"end":{"line":150,"column":44}},"154":{"start":{"line":155,"column":0},"end":{"line":155,"column":5}},"157":{"start":{"line":158,"column":0},"end":{"line":158,"column":42}},"158":{"start":{"line":159,"column":0},"end":{"line":159,"column":5}},"159":{"start":{"line":160,"column":0},"end":{"line":160,"column":1}}},"s":{"5":1,"6":1,"7":1,"8":1,"9":1,"10":1,"11":1,"12":1,"14":1,"15":1,"16":1,"17":1,"18":1,"19":1,"20":1,"23":1,"28":41,"29":41,"30":41,"32":37,"33":1,"34":1,"35":1,"36":1,"37":1,"38":1,"40":28,"41":28,"60":1,"61":183,"63":180,"64":180,"65":180,"66":180,"67":180,"68":180,"71":180,"73":183,"75":83,"76":183,"78":3,"79":97,"81":94,"82":94,"84":180,"86":144,"89":144,"90":62,"91":62,"92":13,"93":62,"94":7,"95":62,"96":23,"97":62,"98":9,"99":62,"100":8,"101":62,"102":2,"103":62,"104":62,"107":144,"108":14,"109":14,"112":68,"113":68,"114":8,"115":60,"116":180,"117":180,"123":1,"124":4,"125":4,"131":1,"132":313,"135":310,"136":70,"138":55,"140":55,"141":55,"142":55,"143":44,"144":11,"147":55,"149":41,"154":55,"157":54,"158":310,"159":310},"branchMap":{"0":{"type":"branch","line":29,"loc":{"start":{"line":29,"column":0},"end":{"line":42,"column":1}},"locations":[{"start":{"line":29,"column":0},"end":{"line":42,"column":1}}]},"1":{"type":"branch","line":30,"loc":{"start":{"line":30,"column":45},"end":{"line":31,"column":29}},"locations":[{"start":{"line":30,"column":45},"end":{"line":31,"column":29}}]},"2":{"type":"branch","line":30,"loc":{"start":{"line":30,"column":45},"end":{"line":30,"column":61}},"locations":[{"start":{"line":30,"column":45},"end":{"line":30,"column":61}}]},"3":{"type":"branch","line":30,"loc":{"start":{"line":30,"column":52},"end":{"line":31,"column":29}},"locations":[{"start":{"line":30,"column":52},"end":{"line":31,"column":29}}]},"4":{"type":"branch","line":31,"loc":{"start":{"line":31,"column":19},"end":{"line":31,"column":50}},"locations":[{"start":{"line":31,"column":19},"end":{"line":31,"column":50}}]},"5":{"type":"branch","line":31,"loc":{"start":{"line":31,"column":50},"end":{"line":42,"column":1}},"locations":[{"start":{"line":31,"column":50},"end":{"line":42,"column":1}}]},"6":{"type":"branch","line":31,"loc":{"start":{"line":31,"column":50},"end":{"line":31,"column":66}},"locations":[{"start":{"line":31,"column":50},"end":{"line":31,"column":66}}]},"7":{"type":"branch","line":31,"loc":{"start":{"line":31,"column":57},"end":{"line":33,"column":26}},"locations":[{"start":{"line":31,"column":57},"end":{"line":33,"column":26}}]},"8":{"type":"branch","line":33,"loc":{"start":{"line":33,"column":26},"end":{"line":39,"column":3}},"locations":[{"start":{"line":33,"column":26},"end":{"line":39,"column":3}}]},"9":{"type":"branch","line":39,"loc":{"start":{"line":39,"column":2},"end":{"line":42,"column":1}},"locations":[{"start":{"line":39,"column":2},"end":{"line":42,"column":1}}]},"10":{"type":"branch","line":61,"loc":{"start":{"line":61,"column":7},"end":{"line":118,"column":1}},"locations":[{"start":{"line":61,"column":7},"end":{"line":118,"column":1}}]},"11":{"type":"branch","line":62,"loc":{"start":{"line":62,"column":13},"end":{"line":62,"column":23}},"locations":[{"start":{"line":62,"column":13},"end":{"line":62,"column":23}}]},"12":{"type":"branch","line":62,"loc":{"start":{"line":62,"column":20},"end":{"line":74,"column":18}},"locations":[{"start":{"line":62,"column":20},"end":{"line":74,"column":18}}]},"13":{"type":"branch","line":74,"loc":{"start":{"line":74,"column":18},"end":{"line":77,"column":13}},"locations":[{"start":{"line":74,"column":18},"end":{"line":77,"column":13}}]},"14":{"type":"branch","line":77,"loc":{"start":{"line":77,"column":2},"end":{"line":83,"column":3}},"locations":[{"start":{"line":77,"column":2},"end":{"line":83,"column":3}}]},"15":{"type":"branch","line":77,"loc":{"start":{"line":77,"column":31},"end":{"line":80,"column":9}},"locations":[{"start":{"line":77,"column":31},"end":{"line":80,"column":9}}]},"16":{"type":"branch","line":80,"loc":{"start":{"line":80,"column":2},"end":{"line":83,"column":3}},"locations":[{"start":{"line":80,"column":2},"end":{"line":83,"column":3}}]},"17":{"type":"branch","line":83,"loc":{"start":{"line":83,"column":2},"end":{"line":118,"column":1}},"locations":[{"start":{"line":83,"column":2},"end":{"line":118,"column":1}}]},"18":{"type":"branch","line":85,"loc":{"start":{"line":85,"column":39},"end":{"line":117,"column":3}},"locations":[{"start":{"line":85,"column":39},"end":{"line":117,"column":3}}]},"19":{"type":"branch","line":87,"loc":{"start":{"line":87,"column":9},"end":{"line":87,"column":44}},"locations":[{"start":{"line":87,"column":9},"end":{"line":87,"column":44}}]},"20":{"type":"branch","line":87,"loc":{"start":{"line":87,"column":24},"end":{"line":87,"column":67}},"locations":[{"start":{"line":87,"column":24},"end":{"line":87,"column":67}}]},"21":{"type":"branch","line":87,"loc":{"start":{"line":87,"column":67},"end":{"line":87,"column":79}},"locations":[{"start":{"line":87,"column":67},"end":{"line":87,"column":79}}]},"22":{"type":"branch","line":90,"loc":{"start":{"line":90,"column":20},"end":{"line":105,"column":5}},"locations":[{"start":{"line":90,"column":20},"end":{"line":105,"column":5}}]},"23":{"type":"branch","line":92,"loc":{"start":{"line":92,"column":8},"end":{"line":93,"column":26}},"locations":[{"start":{"line":92,"column":8},"end":{"line":93,"column":26}}]},"24":{"type":"branch","line":94,"loc":{"start":{"line":94,"column":8},"end":{"line":95,"column":26}},"locations":[{"start":{"line":94,"column":8},"end":{"line":95,"column":26}}]},"25":{"type":"branch","line":96,"loc":{"start":{"line":96,"column":8},"end":{"line":97,"column":25}},"locations":[{"start":{"line":96,"column":8},"end":{"line":97,"column":25}}]},"26":{"type":"branch","line":98,"loc":{"start":{"line":98,"column":8},"end":{"line":99,"column":24}},"locations":[{"start":{"line":98,"column":8},"end":{"line":99,"column":24}}]},"27":{"type":"branch","line":100,"loc":{"start":{"line":100,"column":8},"end":{"line":101,"column":24}},"locations":[{"start":{"line":100,"column":8},"end":{"line":101,"column":24}}]},"28":{"type":"branch","line":102,"loc":{"start":{"line":102,"column":8},"end":{"line":103,"column":26}},"locations":[{"start":{"line":102,"column":8},"end":{"line":103,"column":26}}]},"29":{"type":"branch","line":105,"loc":{"start":{"line":105,"column":4},"end":{"line":108,"column":51}},"locations":[{"start":{"line":105,"column":4},"end":{"line":108,"column":51}}]},"30":{"type":"branch","line":105,"loc":{"start":{"line":105,"column":4},"end":{"line":108,"column":30}},"locations":[{"start":{"line":105,"column":4},"end":{"line":108,"column":30}}]},"31":{"type":"branch","line":108,"loc":{"start":{"line":108,"column":8},"end":{"line":108,"column":51}},"locations":[{"start":{"line":108,"column":8},"end":{"line":108,"column":51}}]},"32":{"type":"branch","line":108,"loc":{"start":{"line":108,"column":51},"end":{"line":115,"column":25}},"locations":[{"start":{"line":108,"column":51},"end":{"line":115,"column":25}}]},"33":{"type":"branch","line":108,"loc":{"start":{"line":108,"column":51},"end":{"line":110,"column":5}},"locations":[{"start":{"line":108,"column":51},"end":{"line":110,"column":5}}]},"34":{"type":"branch","line":110,"loc":{"start":{"line":110,"column":4},"end":{"line":114,"column":18}},"locations":[{"start":{"line":110,"column":4},"end":{"line":114,"column":18}}]},"35":{"type":"branch","line":114,"loc":{"start":{"line":114,"column":11},"end":{"line":115,"column":25}},"locations":[{"start":{"line":114,"column":11},"end":{"line":115,"column":25}}]},"36":{"type":"branch","line":115,"loc":{"start":{"line":115,"column":22},"end":{"line":116,"column":79}},"locations":[{"start":{"line":115,"column":22},"end":{"line":116,"column":79}}]},"37":{"type":"branch","line":124,"loc":{"start":{"line":124,"column":7},"end":{"line":126,"column":1}},"locations":[{"start":{"line":124,"column":7},"end":{"line":126,"column":1}}]},"38":{"type":"branch","line":132,"loc":{"start":{"line":132,"column":7},"end":{"line":160,"column":1}},"locations":[{"start":{"line":132,"column":7},"end":{"line":160,"column":1}}]},"39":{"type":"branch","line":133,"loc":{"start":{"line":133,"column":13},"end":{"line":133,"column":23}},"locations":[{"start":{"line":133,"column":13},"end":{"line":133,"column":23}}]},"40":{"type":"branch","line":133,"loc":{"start":{"line":133,"column":20},"end":{"line":160,"column":1}},"locations":[{"start":{"line":133,"column":20},"end":{"line":160,"column":1}}]},"41":{"type":"branch","line":136,"loc":{"start":{"line":136,"column":45},"end":{"line":159,"column":3}},"locations":[{"start":{"line":136,"column":45},"end":{"line":159,"column":3}}]},"42":{"type":"branch","line":137,"loc":{"start":{"line":137,"column":27},"end":{"line":155,"column":5}},"locations":[{"start":{"line":137,"column":27},"end":{"line":155,"column":5}}]},"43":{"type":"branch","line":139,"loc":{"start":{"line":139,"column":29},"end":{"line":139,"column":42}},"locations":[{"start":{"line":139,"column":29},"end":{"line":139,"column":42}}]},"44":{"type":"branch","line":143,"loc":{"start":{"line":143,"column":24},"end":{"line":143,"column":48}},"locations":[{"start":{"line":143,"column":24},"end":{"line":143,"column":48}}]},"45":{"type":"branch","line":143,"loc":{"start":{"line":143,"column":45},"end":{"line":144,"column":57}},"locations":[{"start":{"line":143,"column":45},"end":{"line":144,"column":57}}]},"46":{"type":"branch","line":144,"loc":{"start":{"line":144,"column":42},"end":{"line":145,"column":62}},"locations":[{"start":{"line":144,"column":42},"end":{"line":145,"column":62}}]},"47":{"type":"branch","line":148,"loc":{"start":{"line":148,"column":30},"end":{"line":151,"column":36}},"locations":[{"start":{"line":148,"column":30},"end":{"line":151,"column":36}}]},"48":{"type":"branch","line":148,"loc":{"start":{"line":148,"column":30},"end":{"line":148,"column":43}},"locations":[{"start":{"line":148,"column":30},"end":{"line":148,"column":43}}]},"49":{"type":"branch","line":148,"loc":{"start":{"line":148,"column":37},"end":{"line":151,"column":36}},"locations":[{"start":{"line":148,"column":37},"end":{"line":151,"column":36}}]},"50":{"type":"branch","line":151,"loc":{"start":{"line":151,"column":6},"end":{"line":154,"column":7}},"locations":[{"start":{"line":151,"column":6},"end":{"line":154,"column":7}}]},"51":{"type":"branch","line":155,"loc":{"start":{"line":155,"column":4},"end":{"line":158,"column":42}},"locations":[{"start":{"line":155,"column":4},"end":{"line":158,"column":42}}]},"52":{"type":"branch","line":155,"loc":{"start":{"line":155,"column":4},"end":{"line":158,"column":36}},"locations":[{"start":{"line":155,"column":4},"end":{"line":158,"column":36}}]},"53":{"type":"branch","line":158,"loc":{"start":{"line":158,"column":31},"end":{"line":158,"column":42}},"locations":[{"start":{"line":158,"column":31},"end":{"line":158,"column":42}}]}},"b":{"0":[41],"1":[38],"2":[8],"3":[33],"4":[5],"5":[37],"6":[4],"7":[29],"8":[1],"9":[28],"10":[183],"11":[3],"12":[180],"13":[83],"14":[97],"15":[3],"16":[94],"17":[180],"18":[144],"19":[82],"20":[47],"21":[0],"22":[62],"23":[13],"24":[7],"25":[23],"26":[9],"27":[8],"28":[2],"29":[119],"30":[82],"31":[14],"32":[119],"33":[14],"34":[68],"35":[8],"36":[60],"37":[4],"38":[313],"39":[3],"40":[310],"41":[70],"42":[55],"43":[0],"44":[13],"45":[44],"46":[11],"47":[53],"48":[14],"49":[41],"50":[1],"51":[54],"52":[15],"53":[3]},"fnMap":{"0":{"name":"codePointToString","decl":{"start":{"line":29,"column":0},"end":{"line":42,"column":1}},"loc":{"start":{"line":29,"column":0},"end":{"line":42,"column":1}},"line":29},"1":{"name":"encode","decl":{"start":{"line":61,"column":7},"end":{"line":118,"column":1}},"loc":{"start":{"line":61,"column":7},"end":{"line":118,"column":1}},"line":61},"2":{"name":"escape","decl":{"start":{"line":124,"column":7},"end":{"line":126,"column":1}},"loc":{"start":{"line":124,"column":7},"end":{"line":126,"column":1}},"line":124},"3":{"name":"decode","decl":{"start":{"line":132,"column":7},"end":{"line":160,"column":1}},"loc":{"start":{"line":132,"column":7},"end":{"line":160,"column":1}},"line":132}},"f":{"0":41,"1":183,"2":4,"3":313}}
,"/Users/mattpopovich/unsane/src/utils/securityUtils.ts": {"path":"/Users/mattpopovich/unsane/src/utils/securityUtils.ts","all":false,"statementMap":{"13":{"start":{"line":14,"column":0},"end":{"line":14,"column":42}},"14":{"start":{"line":15,"column":0},"end":{"line":15,"column":10}},"15":{"start":{"line":16,"column":0},"end":{"line":16,"column":11}},"16":{"start":{"line":17,"column":0},"end":{"line":17,"column":12}},"17":{"start":{"line":18,"column":0},"end":{"line":18,"column":9}},"18":{"start":{"line":19,"column":0},"end":{"line":19,"column":9}},"19":{"start":{"line":20,"column":0},"end":{"line":20,"column":9}},"20":{"start":{"line":21,"column":0},"end":{"line":21,"column":3}},"23":{"start":{"line":24,"column":0},"end":{"line":24,"column":34}},"25":{"start":{"line":26,"column":0},"end":{"line":26,"column":15}},"26":{"start":{"line":27,"column":0},"end":{"line":27,"column":10}},"27":{"start":{"line":28,"column":0},"end":{"line":28,"column":16}},"28":{"start":{"line":29,"column":0},"end":{"line":29,"column":16}},"29":{"start":{"line":30,"column":0},"end":{"line":30,"column":17}},"32":{"start":{"line":33,"column":0},"end":{"line":33,"column":11}},"33":{"start":{"line":34,"column":0},"end":{"line":34,"column":13}},"34":{"start":{"line":35,"column":0},"end":{"line":35,"column":12}},"35":{"start":{"line":36,"column":0},"end":{"line":36,"column":14}},"36":{"start":{"line":37,"column":0},"end":{"line":37,"column":12}},"39":{"start":{"line":40,"column":0},"end":{"line":40,"column":13}},"40":{"start":{"line":41,"column":0},"end":{"line":41,"column":13}},"41":{"start":{"line":42,"column":0},"end":{"line":42,"column":12}},"42":{"start":{"line":43,"column":0},"end":{"line":43,"column":17}},"43":{"start":{"line":44,"column":0},"end":{"line":44,"column":2}},"52":{"start":{"line":53,"column":0},"end":{"line":53,"column":66}},"53":{"start":{"line":54,"column":0},"end":{"line":54,"column":27}},"56":{"start":{"line":57,"column":0},"end":{"line":57,"column":6}},"57":{"start":{"line":58,"column":0},"end":{"line":58,"column":32}},"58":{"start":{"line":59,"column":0},"end":{"line":59,"column":56}},"60":{"start":{"line":61,"column":0},"end":{"line":61,"column":36}},"61":{"start":{"line":62,"column":0},"end":{"line":62,"column":38}},"62":{"start":{"line":63,"column":0},"end":{"line":63,"column":60}},"63":{"start":{"line":64,"column":0},"end":{"line":64,"column":9}},"65":{"start":{"line":66,"column":0},"end":{"line":66,"column":76}},"66":{"start":{"line":67,"column":0},"end":{"line":67,"column":72}},"67":{"start":{"line":68,"column":0},"end":{"line":68,"column":77}},"68":{"start":{"line":69,"column":0},"end":{"line":69,"column":5}},"69":{"start":{"line":70,"column":0},"end":{"line":70,"column":16}},"70":{"start":{"line":71,"column":0},"end":{"line":71,"column":3}},"73":{"start":{"line":74,"column":0},"end":{"line":74,"column":61}},"76":{"start":{"line":77,"column":0},"end":{"line":77,"column":62}},"77":{"start":{"line":78,"column":0},"end":{"line":78,"column":22}},"78":{"start":{"line":79,"column":0},"end":{"line":79,"column":58}},"80":{"start":{"line":81,"column":0},"end":{"line":81,"column":43}},"81":{"start":{"line":82,"column":0},"end":{"line":82,"column":18}},"82":{"start":{"line":83,"column":0},"end":{"line":83,"column":5}},"83":{"start":{"line":84,"column":0},"end":{"line":84,"column":3}},"86":{"start":{"line":87,"column":0},"end":{"line":87,"column":44}},"87":{"start":{"line":88,"column":0},"end":{"line":88,"column":39}},"88":{"start":{"line":89,"column":0},"end":{"line":89,"column":18}},"89":{"start":{"line":90,"column":0},"end":{"line":90,"column":5}},"90":{"start":{"line":91,"column":0},"end":{"line":91,"column":3}},"92":{"start":{"line":93,"column":0},"end":{"line":93,"column":15}},"93":{"start":{"line":94,"column":0},"end":{"line":94,"column":1}},"102":{"start":{"line":103,"column":0},"end":{"line":103,"column":36}},"103":{"start":{"line":104,"column":0},"end":{"line":104,"column":15}},"104":{"start":{"line":105,"column":0},"end":{"line":105,"column":55}},"105":{"start":{"line":106,"column":0},"end":{"line":106,"column":11}},"106":{"start":{"line":107,"column":0},"end":{"line":107,"column":23}},"109":{"start":{"line":110,"column":0},"end":{"line":110,"column":26}},"110":{"start":{"line":111,"column":0},"end":{"line":111,"column":80}},"113":{"start":{"line":114,"column":0},"end":{"line":114,"column":51}},"115":{"start":{"line":116,"column":0},"end":{"line":116,"column":50}},"116":{"start":{"line":117,"column":0},"end":{"line":117,"column":48}},"117":{"start":{"line":118,"column":0},"end":{"line":118,"column":4}},"118":{"start":{"line":119,"column":0},"end":{"line":119,"column":1}}},"s":{"13":1,"14":1,"15":1,"16":1,"17":1,"18":1,"19":1,"20":1,"23":1,"25":1,"26":1,"27":1,"28":1,"29":1,"32":1,"33":1,"34":1,"35":1,"36":1,"39":1,"40":1,"41":1,"42":1,"43":1,"52":1,"53":201,"56":198,"57":198,"58":197,"60":191,"61":2560,"62":2560,"63":191,"65":180,"66":176,"67":174,"68":201,"69":25,"70":25,"73":173,"76":173,"77":201,"78":60,"80":60,"81":43,"82":43,"83":60,"86":201,"87":1452,"88":48,"89":48,"90":1452,"92":82,"93":82,"102":1,"103":263,"104":263,"105":263,"106":263,"109":260,"110":260,"113":263,"115":263,"116":24,"117":263,"118":263},"branchMap":{"0":{"type":"branch","line":53,"loc":{"start":{"line":53,"column":7},"end":{"line":94,"column":1}},"locations":[{"start":{"line":53,"column":7},"end":{"line":94,"column":1}}]},"1":{"type":"branch","line":54,"loc":{"start":{"line":54,"column":14},"end":{"line":54,"column":27}},"locations":[{"start":{"line":54,"column":14},"end":{"line":54,"column":27}}]},"2":{"type":"branch","line":54,"loc":{"start":{"line":54,"column":21},"end":{"line":58,"column":32}},"locations":[{"start":{"line":54,"column":21},"end":{"line":58,"column":32}}]},"3":{"type":"branch","line":58,"loc":{"start":{"line":58,"column":28},"end":{"line":59,"column":56}},"locations":[{"start":{"line":58,"column":28},"end":{"line":59,"column":56}}]},"4":{"type":"branch","line":59,"loc":{"start":{"line":59,"column":27},"end":{"line":64,"column":9}},"locations":[{"start":{"line":59,"column":27},"end":{"line":64,"column":9}}]},"5":{"type":"branch","line":64,"loc":{"start":{"line":64,"column":5},"end":{"line":66,"column":76}},"locations":[{"start":{"line":64,"column":5},"end":{"line":66,"column":76}}]},"6":{"type":"branch","line":66,"loc":{"start":{"line":66,"column":47},"end":{"line":67,"column":72}},"locations":[{"start":{"line":66,"column":47},"end":{"line":67,"column":72}}]},"7":{"type":"branch","line":67,"loc":{"start":{"line":67,"column":47},"end":{"line":68,"column":77}},"locations":[{"start":{"line":67,"column":47},"end":{"line":68,"column":77}}]},"8":{"type":"branch","line":69,"loc":{"start":{"line":69,"column":4},"end":{"line":71,"column":3}},"locations":[{"start":{"line":69,"column":4},"end":{"line":71,"column":3}}]},"9":{"type":"branch","line":71,"loc":{"start":{"line":71,"column":2},"end":{"line":78,"column":21}},"locations":[{"start":{"line":71,"column":2},"end":{"line":78,"column":21}}]},"10":{"type":"branch","line":78,"loc":{"start":{"line":78,"column":21},"end":{"line":84,"column":3}},"locations":[{"start":{"line":78,"column":21},"end":{"line":84,"column":3}}]},"11":{"type":"branch","line":81,"loc":{"start":{"line":81,"column":42},"end":{"line":83,"column":5}},"locations":[{"start":{"line":81,"column":42},"end":{"line":83,"column":5}}]},"12":{"type":"branch","line":84,"loc":{"start":{"line":84,"column":2},"end":{"line":87,"column":43}},"locations":[{"start":{"line":84,"column":2},"end":{"line":87,"column":43}}]},"13":{"type":"branch","line":87,"loc":{"start":{"line":87,"column":43},"end":{"line":91,"column":3}},"locations":[{"start":{"line":87,"column":43},"end":{"line":91,"column":3}}]},"14":{"type":"branch","line":88,"loc":{"start":{"line":88,"column":38},"end":{"line":90,"column":5}},"locations":[{"start":{"line":88,"column":38},"end":{"line":90,"column":5}}]},"15":{"type":"branch","line":91,"loc":{"start":{"line":91,"column":2},"end":{"line":94,"column":1}},"locations":[{"start":{"line":91,"column":2},"end":{"line":94,"column":1}}]},"16":{"type":"branch","line":61,"loc":{"start":{"line":61,"column":25},"end":{"line":64,"column":5}},"locations":[{"start":{"line":61,"column":25},"end":{"line":64,"column":5}}]},"17":{"type":"branch","line":63,"loc":{"start":{"line":63,"column":21},"end":{"line":63,"column":60}},"locations":[{"start":{"line":63,"column":21},"end":{"line":63,"column":60}}]},"18":{"type":"branch","line":63,"loc":{"start":{"line":63,"column":38},"end":{"line":63,"column":60}},"locations":[{"start":{"line":63,"column":38},"end":{"line":63,"column":60}}]},"19":{"type":"branch","line":103,"loc":{"start":{"line":103,"column":7},"end":{"line":119,"column":1}},"locations":[{"start":{"line":103,"column":7},"end":{"line":119,"column":1}}]},"20":{"type":"branch","line":107,"loc":{"start":{"line":107,"column":13},"end":{"line":107,"column":23}},"locations":[{"start":{"line":107,"column":13},"end":{"line":107,"column":23}}]},"21":{"type":"branch","line":107,"loc":{"start":{"line":107,"column":20},"end":{"line":114,"column":33}},"locations":[{"start":{"line":107,"column":20},"end":{"line":114,"column":33}}]},"22":{"type":"branch","line":114,"loc":{"start":{"line":114,"column":18},"end":{"line":114,"column":51}},"locations":[{"start":{"line":114,"column":18},"end":{"line":114,"column":51}}]},"23":{"type":"branch","line":114,"loc":{"start":{"line":114,"column":33},"end":{"line":114,"column":51}},"locations":[{"start":{"line":114,"column":33},"end":{"line":114,"column":51}}]},"24":{"type":"branch","line":116,"loc":{"start":{"line":116,"column":40},"end":{"line":117,"column":48}},"locations":[{"start":{"line":116,"column":40},"end":{"line":117,"column":48}}]}},"b":{"0":[201],"1":[3],"2":[198],"3":[197],"4":[191],"5":[180],"6":[176],"7":[174],"8":[25],"9":[173],"10":[60],"11":[43],"12":[130],"13":[1452],"14":[48],"15":[82],"16":[2560],"17":[2553],"18":[13],"19":[263],"20":[3],"21":[260],"22":[3],"23":[7],"24":[24]},"fnMap":{"0":{"name":"containsDangerousContent","decl":{"start":{"line":53,"column":7},"end":{"line":94,"column":1}},"loc":{"start":{"line":53,"column":7},"end":{"line":94,"column":1}},"line":53},"1":{"name":"sanitizeTextContent","decl":{"start":{"line":103,"column":7},"end":{"line":119,"column":1}},"loc":{"start":{"line":103,"column":7},"end":{"line":119,"column":1}},"line":103},"2":{"name":"encoder","decl":{"start":{"line":114,"column":33},"end":{"line":114,"column":51}},"loc":{"start":{"line":114,"column":33},"end":{"line":114,"column":51}},"line":114}},"f":{"0":201,"1":263,"2":7}}
}
